#
# A fatal error has been detected by the Java Runtime Environment:
#
#  EXCEPTION_ACCESS_VIOLATION (0xc0000005) at pc=0x0000000180089f90, pid=15836, tid=10936
#
# JRE version: Java(TM) SE Runtime Environment (8.0_60-b27) (build 1.8.0_60-b27)
# Java VM: Java HotSpot(TM) 64-Bit Server VM (25.60-b23 mixed mode windows-amd64 compressed oops)
# Problematic frame:
# C  [ig75icd64.dll+0x89f90]
#
# Failed to write core dump. Minidumps are not enabled by default on client versions of Windows
#
# If you would like to submit a bug report, please visit:
#   http://bugreport.java.com/bugreport/crash.jsp
# The crash happened outside the Java Virtual Machine in native code.
# See problematic frame for where to report the bug.
#

---------------  T H R E A D  ---------------

Current thread (0x00000000171ec800):  JavaThread "AWT-EventQueue-0" [_thread_in_native, id=10936, stack(0x0000000018930000,0x0000000018a30000)]

siginfo: ExceptionCode=0xc0000005, reading address 0x0000000000000020

Registers:
RAX=0x0000000000000000, RBX=0x0000000019410080, RCX=0x0000000000000000, RDX=0x0000000000000020
RSP=0x0000000018a2a980, RBP=0x0000000018a2aab0, RSI=0x000000001af40918, RDI=0x000000001c364000
R8 =0x0000000000000060, R9 =0x0000000000000000, R10=0x0000000000000006, R11=0x0000000018a2b0f0
R12=0x0000000000000060, R13=0x0000000000000060, R14=0x000000001af408f0, R15=0x0000000000000010
RIP=0x0000000180089f90, EFLAGS=0x0000000000010206

Top of Stack: (sp=0x0000000018a2a980)
0x0000000018a2a980:   0000000000000000 0000000000000000
0x0000000018a2a990:   0000000000000000 0000000000000000
0x0000000018a2a9a0:   0000000019430108 0000000180172e2f
0x0000000018a2a9b0:   0000000019410080 000000001af40918
0x0000000018a2a9c0:   0000000018a2aab0 0000000000000000
0x0000000018a2a9d0:   ffffffffffffff01 000000000035e1f8
0x0000000018a2a9e0:   0000000000000000 0000000000000000
0x0000000018a2a9f0:   000000001b3e7968 000000000000000c
0x0000000018a2aa00:   ffffffff1b3d7d40 000000001af39cf0
0x0000000018a2aa10:   0000000000000001 0000000019430108
0x0000000018a2aa20:   00000000006917a8 0000000018a2b0f0
0x0000000018a2aa30:   00000000006917ac 0000000000000000
0x0000000018a2aa40:   00000000000017a8 00000001803eda7c
0x0000000018a2aa50:   0000000018a2ac28 00000000000000b8
0x0000000018a2aa60:   0000000000000000 0000000000000073
0x0000000018a2aa70:   00000000194a1908 0000000000000000 

Instructions: (pc=0x0000000180089f90)
0x0000000180089f70:   72 9e 41 83 e0 7f 74 34 45 8b d0 44 8b c9 49 c1
0x0000000180089f80:   ea 04 4d 85 d2 74 25 66 0f 1f 84 00 00 00 00 00
0x0000000180089f90:   66 0f 6f 02 41 ff c1 48 83 c7 10 41 8b c1 66 0f
0x0000000180089fa0:   e7 47 f0 48 83 c2 10 49 3b c2 72 e4 0f 28 74 24 


Register to memory mapping:

RAX=0x0000000000000000 is an unknown value
RBX=0x0000000019410080 is an unknown value
RCX=0x0000000000000000 is an unknown value
RDX=0x0000000000000020 is an unknown value
RSP=0x0000000018a2a980 is pointing into the stack for thread: 0x00000000171ec800
RBP=0x0000000018a2aab0 is pointing into the stack for thread: 0x00000000171ec800
RSI=0x000000001af40918 is an unknown value
RDI=0x000000001c364000 is an unknown value
R8 =0x0000000000000060 is an unknown value
R9 =0x0000000000000000 is an unknown value
R10=0x0000000000000006 is an unknown value
R11=0x0000000018a2b0f0 is pointing into the stack for thread: 0x00000000171ec800
R12=0x0000000000000060 is an unknown value
R13=0x0000000000000060 is an unknown value
R14=0x000000001af408f0 is an unknown value
R15=0x0000000000000010 is an unknown value


Stack: [0x0000000018930000,0x0000000018a30000],  sp=0x0000000018a2a980,  free space=1002k
Native frames: (J=compiled Java code, j=interpreted, Vv=VM code, C=native code)
C  [ig75icd64.dll+0x89f90]
C  [ig75icd64.dll+0x172e2f]
C  [ig75icd64.dll+0x23ddc2]
C  [ig75icd64.dll+0x63c5a]
C  [ig75icd64.dll+0x273275]
C  [ig75icd64.dll+0x89145]
C  [ig75icd64.dll+0x1614c7]
C  [ig75icd64.dll+0x16166a]
C  [ig75icd64.dll+0x163101]
C  0x0000000002a35e34

Java frames: (J=compiled Java code, j=interpreted, Vv=VM code)
j  jogamp.opengl.gl4.GL4bcImpl.dispatch_glDrawElements1(IIIJJ)V+0
j  jogamp.opengl.gl4.GL4bcImpl.glDrawElements(IIIJ)V+53
j  jbinvis.visualisations.Trigraph.render(Lcom/jogamp/opengl/GL2;D)V+92
j  jbinvis.renderer.BinVisCanvas.display(Lcom/jogamp/opengl/GLAutoDrawable;)V+171
j  jogamp.opengl.GLDrawableHelper.displayImpl(Lcom/jogamp/opengl/GLAutoDrawable;)V+62
j  jogamp.opengl.GLDrawableHelper.display(Lcom/jogamp/opengl/GLAutoDrawable;)V+2
j  com.jogamp.opengl.awt.GLCanvas$11.run()V+118
j  jogamp.opengl.GLDrawableHelper.invokeGLImpl(Lcom/jogamp/opengl/GLDrawable;Lcom/jogamp/opengl/GLContext;Ljava/lang/Runnable;Ljava/lang/Runnable;)V+203
j  jogamp.opengl.GLDrawableHelper.invokeGL(Lcom/jogamp/opengl/GLDrawable;Lcom/jogamp/opengl/GLContext;Ljava/lang/Runnable;Ljava/lang/Runnable;)V+72
j  com.jogamp.opengl.awt.GLCanvas$12.run()V+104
j  java.awt.event.InvocationEvent.dispatch()V+11
j  java.awt.EventQueue.dispatchEventImpl(Ljava/awt/AWTEvent;Ljava/lang/Object;)V+21
j  java.awt.EventQueue.access$500(Ljava/awt/EventQueue;Ljava/awt/AWTEvent;Ljava/lang/Object;)V+3
j  java.awt.EventQueue$3.run()Ljava/lang/Void;+32
j  java.awt.EventQueue$3.run()Ljava/lang/Object;+1
v  ~StubRoutines::call_stub
J 995  java.security.AccessController.doPrivileged(Ljava/security/PrivilegedAction;Ljava/security/AccessControlContext;)Ljava/lang/Object; (0 bytes) @ 0x0000000002d89b66 [0x0000000002d89b00+0x66]
j  java.security.ProtectionDomain$JavaSecurityAccessImpl.doIntersectionPrivilege(Ljava/security/PrivilegedAction;Ljava/security/AccessControlContext;Ljava/security/AccessControlContext;)Ljava/lang/Object;+18
j  java.awt.EventQueue.dispatchEvent(Ljava/awt/AWTEvent;)V+46
j  java.awt.EventDispatchThread.pumpOneEventForFilters(I)V+245
j  java.awt.EventDispatchThread.pumpEventsForFilter(ILjava/awt/Conditional;Ljava/awt/EventFilter;)V+35
j  java.awt.EventDispatchThread.pumpEventsForHierarchy(ILjava/awt/Conditional;Ljava/awt/Component;)V+11
j  java.awt.EventDispatchThread.pumpEvents(ILjava/awt/Conditional;)V+4
j  java.awt.EventDispatchThread.pumpEvents(Ljava/awt/Conditional;)V+3
j  java.awt.EventDispatchThread.run()V+9
v  ~StubRoutines::call_stub

---------------  P R O C E S S  ---------------

Java Threads: ( => current thread )
  0x000000000109d800 JavaThread "DestroyJavaVM" [_thread_blocked, id=16248, stack(0x0000000002820000,0x0000000002920000)]
  0x000000001726f000 JavaThread "main-FPSAWTAnimator#00-Timer0" [_thread_blocked, id=3288, stack(0x0000000019a10000,0x0000000019b10000)]
  0x0000000017450800 JavaThread "main-SharedResourceRunner" daemon [_thread_blocked, id=1736, stack(0x0000000000220000,0x0000000000320000)]
=>0x00000000171ec800 JavaThread "AWT-EventQueue-0" [_thread_in_native, id=10936, stack(0x0000000018930000,0x0000000018a30000)]
  0x0000000016e09800 JavaThread "AWT-Windows" daemon [_thread_in_native, id=13636, stack(0x0000000017d40000,0x0000000017e40000)]
  0x0000000016e04800 JavaThread "AWT-Shutdown" [_thread_blocked, id=15568, stack(0x0000000017c40000,0x0000000017d40000)]
  0x0000000017173800 JavaThread "Java2D Disposer" daemon [_thread_blocked, id=16372, stack(0x0000000017b40000,0x0000000017c40000)]
  0x0000000016a68000 JavaThread "Service Thread" daemon [_thread_blocked, id=14596, stack(0x0000000016e40000,0x0000000016f40000)]
  0x0000000015101000 JavaThread "C1 CompilerThread2" daemon [_thread_blocked, id=2204, stack(0x0000000016940000,0x0000000016a40000)]
  0x00000000150f4800 JavaThread "C2 CompilerThread1" daemon [_thread_blocked, id=15868, stack(0x0000000016840000,0x0000000016940000)]
  0x00000000150fa800 JavaThread "C2 CompilerThread0" daemon [_thread_blocked, id=15404, stack(0x0000000016740000,0x0000000016840000)]
  0x00000000150f8800 JavaThread "Attach Listener" daemon [_thread_blocked, id=376, stack(0x0000000016640000,0x0000000016740000)]
  0x00000000150f7800 JavaThread "Signal Dispatcher" daemon [_thread_blocked, id=15156, stack(0x0000000016540000,0x0000000016640000)]
  0x0000000002a18000 JavaThread "Finalizer" daemon [_thread_blocked, id=15612, stack(0x0000000016360000,0x0000000016460000)]
  0x0000000002a0f000 JavaThread "Reference Handler" daemon [_thread_blocked, id=14292, stack(0x0000000016260000,0x0000000016360000)]

Other Threads:
  0x00000000150b7800 VMThread [stack: 0x0000000016160000,0x0000000016260000] [id=16004]
  0x0000000016a96800 WatcherThread [stack: 0x0000000016f40000,0x0000000017040000] [id=15764]

VM state:not at safepoint (normal execution)

VM Mutex/Monitor currently owned by a thread: None

Heap:
 PSYoungGen      total 38400K, used 21723K [0x00000000eab00000, 0x00000000ed580000, 0x0000000100000000)
  eden space 33280K, 49% used [0x00000000eab00000,0x00000000ebb3dbd8,0x00000000ecb80000)
  from space 5120K, 99% used [0x00000000ed080000,0x00000000ed5790c0,0x00000000ed580000)
  to   space 5120K, 0% used [0x00000000ecb80000,0x00000000ecb80000,0x00000000ed080000)
 ParOldGen       total 87552K, used 3653K [0x00000000c0000000, 0x00000000c5580000, 0x00000000eab00000)
  object space 87552K, 4% used [0x00000000c0000000,0x00000000c0391650,0x00000000c5580000)
 Metaspace       used 18881K, capacity 19054K, committed 19456K, reserved 1067008K
  class space    used 2163K, capacity 2219K, committed 2304K, reserved 1048576K

Card table byte_map: [0x0000000011de0000,0x0000000011ff0000] byte_map_base: 0x00000000117e0000

Marking Bits: (ParMarkBitMap*) 0x000000005ab5a5b0
 Begin Bits: [0x0000000012550000, 0x0000000013550000)
 End Bits:   [0x0000000013550000, 0x0000000014550000)

Polling page: 0x0000000000ee0000

CodeCache: size=245760Kb used=3727Kb max_used=3727Kb free=242032Kb
 bounds [0x0000000002a20000, 0x0000000002dd0000, 0x0000000011a20000]
 total_blobs=1972 nmethods=1093 adapters=791
 compilation: enabled

Compilation events (10 events):
Event: 3.288 Thread 0x0000000015101000 1090       3       java.awt.Component::isMixingNeeded (269 bytes)
Event: 3.291 Thread 0x0000000015101000 nmethod 1090 0x0000000002dbd290 code [0x0000000002dbda20, 0x0000000002dc3538]
Event: 3.291 Thread 0x0000000015101000 1091       3       sun.java2d.pipe.Region::<init> (26 bytes)
Event: 3.291 Thread 0x0000000015101000 nmethod 1091 0x0000000002db7e50 code [0x0000000002db7fa0, 0x0000000002db8150]
Event: 3.291 Thread 0x0000000015101000 1089       3       java.awt.ComponentOrientation::isLeftToRight (15 bytes)
Event: 3.291 Thread 0x0000000015101000 nmethod 1089 0x0000000002db9d50 code [0x0000000002db9ea0, 0x0000000002dba050]
Event: 3.291 Thread 0x0000000015101000 1092       1       javax.swing.AbstractButton::getModel (5 bytes)
Event: 3.292 Thread 0x0000000015101000 nmethod 1092 0x0000000002dc5550 code [0x0000000002dc56a0, 0x0000000002dc57b0]
Event: 3.301 Thread 0x0000000015101000 1093       1       java.nio.Buffer::capacity (5 bytes)
Event: 3.302 Thread 0x0000000015101000 nmethod 1093 0x0000000002dc5810 code [0x0000000002dc5960, 0x0000000002dc5a70]

GC Heap History (4 events):
Event: 1.122 GC heap before
{Heap before GC invocations=1 (full 0):
 PSYoungGen      total 38400K, used 33280K [0x00000000eab00000, 0x00000000ed580000, 0x0000000100000000)
  eden space 33280K, 100% used [0x00000000eab00000,0x00000000ecb80000,0x00000000ecb80000)
  from space 5120K, 0% used [0x00000000ed080000,0x00000000ed080000,0x00000000ed580000)
  to   space 5120K, 0% used [0x00000000ecb80000,0x00000000ecb80000,0x00000000ed080000)
 ParOldGen       total 87552K, used 0K [0x00000000c0000000, 0x00000000c5580000, 0x00000000eab00000)
  object space 87552K, 0% used [0x00000000c0000000,0x00000000c0000000,0x00000000c5580000)
 Metaspace       used 16106K, capacity 16298K, committed 16768K, reserved 1064960K
  class space    used 1740K, capacity 1799K, committed 1920K, reserved 1048576K
Event: 1.131 GC heap after
Heap after GC invocations=1 (full 0):
 PSYoungGen      total 38400K, used 5112K [0x00000000eab00000, 0x00000000ed580000, 0x0000000100000000)
  eden space 33280K, 0% used [0x00000000eab00000,0x00000000eab00000,0x00000000ecb80000)
  from space 5120K, 99% used [0x00000000ecb80000,0x00000000ed07e360,0x00000000ed080000)
  to   space 5120K, 0% used [0x00000000ed080000,0x00000000ed080000,0x00000000ed580000)
 ParOldGen       total 87552K, used 325K [0x00000000c0000000, 0x00000000c5580000, 0x00000000eab00000)
  object space 87552K, 0% used [0x00000000c0000000,0x00000000c0051508,0x00000000c5580000)
 Metaspace       used 16106K, capacity 16298K, committed 16768K, reserved 1064960K
  class space    used 1740K, capacity 1799K, committed 1920K, reserved 1048576K
}
Event: 3.306 GC heap before
{Heap before GC invocations=2 (full 0):
 PSYoungGen      total 38400K, used 32920K [0x00000000eab00000, 0x00000000ed580000, 0x0000000100000000)
  eden space 33280K, 83% used [0x00000000eab00000,0x00000000ec627e58,0x00000000ecb80000)
  from space 5120K, 99% used [0x00000000ecb80000,0x00000000ed07e360,0x00000000ed080000)
  to   space 5120K, 0% used [0x00000000ed080000,0x00000000ed080000,0x00000000ed580000)
 ParOldGen       total 87552K, used 325K [0x00000000c0000000, 0x00000000c5580000, 0x00000000eab00000)
  object space 87552K, 0% used [0x00000000c0000000,0x00000000c0051508,0x00000000c5580000)
 Metaspace       used 18866K, capacity 19054K, committed 19456K, reserved 1067008K
  class space    used 2162K, capacity 2219K, committed 2304K, reserved 1048576K
Event: 3.313 GC heap after
Heap after GC invocations=2 (full 0):
 PSYoungGen      total 38400K, used 5092K [0x00000000eab00000, 0x00000000ed580000, 0x0000000100000000)
  eden space 33280K, 0% used [0x00000000eab00000,0x00000000eab00000,0x00000000ecb80000)
  from space 5120K, 99% used [0x00000000ed080000,0x00000000ed5790c0,0x00000000ed580000)
  to   space 5120K, 0% used [0x00000000ecb80000,0x00000000ecb80000,0x00000000ed080000)
 ParOldGen       total 87552K, used 3653K [0x00000000c0000000, 0x00000000c5580000, 0x00000000eab00000)
  object space 87552K, 4% used [0x00000000c0000000,0x00000000c0391650,0x00000000c5580000)
 Metaspace       used 18866K, capacity 19054K, committed 19456K, reserved 1067008K
  class space    used 2162K, capacity 2219K, committed 2304K, reserved 1048576K
}

Deoptimization events (8 events):
Event: 0.090 Thread 0x000000000109d800 Uncommon trap: reason=unstable_if action=reinterpret pc=0x0000000002b35c00 method=jbinvis.math.Hilbert.<init>()V @ 23
Event: 0.209 Thread 0x000000000109d800 Uncommon trap: reason=null_check action=make_not_entrant pc=0x0000000002b8c0f8 method=java.lang.String.equals(Ljava/lang/Object;)Z @ 8
Event: 0.319 Thread 0x000000000109d800 Uncommon trap: reason=class_check action=maybe_recompile pc=0x0000000002ba74a8 method=java.lang.String.equals(Ljava/lang/Object;)Z @ 8
Event: 0.320 Thread 0x000000000109d800 Uncommon trap: reason=class_check action=maybe_recompile pc=0x0000000002ba74a8 method=java.lang.String.equals(Ljava/lang/Object;)Z @ 8
Event: 0.320 Thread 0x000000000109d800 Uncommon trap: reason=class_check action=maybe_recompile pc=0x0000000002ba74a8 method=java.lang.String.equals(Ljava/lang/Object;)Z @ 8
Event: 0.322 Thread 0x000000000109d800 Uncommon trap: reason=class_check action=maybe_recompile pc=0x0000000002ba74a8 method=java.lang.String.equals(Ljava/lang/Object;)Z @ 8
Event: 0.569 Thread 0x000000000109d800 Uncommon trap: reason=unstable_if action=reinterpret pc=0x0000000002c1ff68 method=java.lang.String.<init>([CII)V @ 18
Event: 1.336 Thread 0x000000000109d800 Uncommon trap: reason=unstable_if action=reinterpret pc=0x0000000002ce93f0 method=java.lang.reflect.AccessibleObject.setAccessible0(Ljava/lang/reflect/AccessibleObject;Z)V @ 4

Internal exceptions (10 events):
Event: 0.105 Thread 0x000000000109d800 Exception <a 'java/security/PrivilegedActionException'> (0x00000000eadf7960) thrown at [C:\re\workspace\8-2-build-windows-amd64-cygwin\jdk8u60\4407\hotspot\src\share\vm\prims\jvm.cpp, line 1386]
Event: 0.105 Thread 0x000000000109d800 Exception <a 'java/security/PrivilegedActionException'> (0x00000000eadf7b70) thrown at [C:\re\workspace\8-2-build-windows-amd64-cygwin\jdk8u60\4407\hotspot\src\share\vm\prims\jvm.cpp, line 1386]
Event: 0.106 Thread 0x000000000109d800 Exception <a 'java/security/PrivilegedActionException'> (0x00000000eadfb9b8) thrown at [C:\re\workspace\8-2-build-windows-amd64-cygwin\jdk8u60\4407\hotspot\src\share\vm\prims\jvm.cpp, line 1386]
Event: 0.106 Thread 0x000000000109d800 Exception <a 'java/security/PrivilegedActionException'> (0x00000000eadfbbc8) thrown at [C:\re\workspace\8-2-build-windows-amd64-cygwin\jdk8u60\4407\hotspot\src\share\vm\prims\jvm.cpp, line 1386]
Event: 0.109 Thread 0x000000000109d800 Exception <a 'java/io/FileNotFoundException'> (0x00000000eae00ed8) thrown at [C:\re\workspace\8-2-build-windows-amd64-cygwin\jdk8u60\4407\hotspot\src\share\vm\prims\jni.cpp, line 709]
Event: 0.141 Thread 0x000000000109d800 Exception <a 'java/lang/NoSuchFieldError': method resolution failed> (0x00000000eaece540) thrown at [C:\re\workspace\8-2-build-windows-amd64-cygwin\jdk8u60\4407\hotspot\src\share\vm\prims\methodHandles.cpp, line 1146]
Event: 0.143 Thread 0x000000000109d800 Exception <a 'java/lang/NoSuchFieldError': method resolution failed> (0x00000000eaedb890) thrown at [C:\re\workspace\8-2-build-windows-amd64-cygwin\jdk8u60\4407\hotspot\src\share\vm\prims\methodHandles.cpp, line 1146]
Event: 0.180 Thread 0x000000000109d800 Exception <a 'java/io/FileNotFoundException'> (0x00000000eaf72d90) thrown at [C:\re\workspace\8-2-build-windows-amd64-cygwin\jdk8u60\4407\hotspot\src\share\vm\prims\jni.cpp, line 709]
Event: 0.209 Thread 0x000000000109d800 Implicit null exception at 0x0000000002b8bf22 to 0x0000000002b8c0e9
Event: 1.317 Thread 0x000000000109d800 Exception <a 'java/lang/reflect/InvocationTargetException'> (0x00000000ec047090) thrown at [C:\re\workspace\8-2-build-windows-amd64-cygwin\jdk8u60\4407\hotspot\src\share\vm\runtime\reflection.cpp, line 1092]

Events (10 events):
Event: 3.288 loading class javax/swing/RepaintManager$3
Event: 3.288 loading class javax/swing/RepaintManager$3 done
Event: 3.299 loading class jbinvis/renderer/camera/PerspectiveCamera
Event: 3.299 loading class jbinvis/renderer/camera/PerspectiveCamera done
Event: 3.306 Executing VM operation: ParallelGCFailedAllocation
Event: 3.313 Executing VM operation: ParallelGCFailedAllocation done
Event: 3.352 loading class java/nio/HeapFloatBuffer
Event: 3.352 loading class java/nio/HeapFloatBuffer done
Event: 3.352 loading class java/nio/HeapShortBuffer
Event: 3.352 loading class java/nio/HeapShortBuffer done


Dynamic libraries:
0x00007ff72b090000 - 0x00007ff72b0c7000 	C:\Program Files\Java\jdk1.8.0_60\bin\java.exe
0x00007fff6bfa0000 - 0x00007fff6c14d000 	C:\Windows\SYSTEM32\ntdll.dll
0x00007fff6b590000 - 0x00007fff6b6ce000 	C:\Windows\system32\KERNEL32.DLL
0x00007fff69320000 - 0x00007fff69435000 	C:\Windows\system32\KERNELBASE.dll
0x00007fff67840000 - 0x00007fff678ce000 	C:\Windows\system32\apphelp.dll
0x00007fff615c0000 - 0x00007fff61613000 	C:\Windows\AppPatch\AppPatch64\AcGenral.DLL
0x00007fff6b4e0000 - 0x00007fff6b58a000 	C:\Windows\system32\msvcrt.dll
0x00007fff69240000 - 0x00007fff6926e000 	C:\Windows\system32\SspiCli.dll
0x00007fff6b480000 - 0x00007fff6b4d4000 	C:\Windows\system32\SHLWAPI.dll
0x00007fff6b9d0000 - 0x00007fff6bb47000 	C:\Windows\system32\USER32.dll
0x00007fff6aff0000 - 0x00007fff6b184000 	C:\Windows\system32\ole32.dll
0x00007fff69ac0000 - 0x00007fff6afe8000 	C:\Windows\system32\SHELL32.dll
0x00007fff68640000 - 0x00007fff68661000 	C:\Windows\SYSTEM32\USERENV.dll
0x00007fff6b190000 - 0x00007fff6b23a000 	C:\Windows\system32\ADVAPI32.dll
0x00007fff63b60000 - 0x00007fff63b7e000 	C:\Windows\SYSTEM32\MPR.dll
0x00007fff6b6d0000 - 0x00007fff6b810000 	C:\Windows\system32\RPCRT4.dll
0x00007fff6bf40000 - 0x00007fff6bf99000 	C:\Windows\SYSTEM32\sechost.dll
0x00007fff69890000 - 0x00007fff69aa1000 	C:\Windows\SYSTEM32\combase.dll
0x00007fff6bcd0000 - 0x00007fff6be1f000 	C:\Windows\system32\GDI32.dll
0x00007fff690c0000 - 0x00007fff690d5000 	C:\Windows\SYSTEM32\profapi.dll
0x00007fff67c30000 - 0x00007fff67ce2000 	C:\Windows\SYSTEM32\SHCORE.dll
0x00007fff6be20000 - 0x00007fff6be56000 	C:\Windows\system32\IMM32.DLL
0x00007fff69620000 - 0x00007fff69772000 	C:\Windows\system32\MSCTF.dll
0x00007fff668b0000 - 0x00007fff66b2b000 	C:\Windows\WinSxS\amd64_microsoft.windows.common-controls_6595b64144ccf1df_6.0.9600.18006_none_623f33d3ecbe86e8\COMCTL32.dll
0x000000005a270000 - 0x000000005a342000 	C:\Program Files\Java\jdk1.8.0_60\jre\bin\msvcr100.dll
0x000000005a350000 - 0x000000005abd9000 	C:\Program Files\Java\jdk1.8.0_60\jre\bin\server\jvm.dll
0x00007fff5f400000 - 0x00007fff5f409000 	C:\Windows\SYSTEM32\WSOCK32.dll
0x00007fff66b30000 - 0x00007fff66b52000 	C:\Windows\SYSTEM32\WINMM.dll
0x00007fff66c00000 - 0x00007fff66c0a000 	C:\Windows\SYSTEM32\VERSION.dll
0x00007fff6be60000 - 0x00007fff6be67000 	C:\Windows\system32\PSAPI.DLL
0x00007fff6b420000 - 0x00007fff6b47a000 	C:\Windows\system32\WS2_32.dll
0x00007fff667c0000 - 0x00007fff667ea000 	C:\Windows\SYSTEM32\WINMMBASE.dll
0x00007fff69780000 - 0x00007fff69789000 	C:\Windows\system32\NSI.dll
0x00007fff691f0000 - 0x00007fff6923f000 	C:\Windows\SYSTEM32\cfgmgr32.dll
0x00007fff67f00000 - 0x00007fff67f28000 	C:\Windows\SYSTEM32\DEVOBJ.dll
0x000000005a220000 - 0x000000005a22f000 	C:\Program Files\Java\jdk1.8.0_60\jre\bin\verify.dll
0x000000005a1f0000 - 0x000000005a219000 	C:\Program Files\Java\jdk1.8.0_60\jre\bin\java.dll
0x000000005a1d0000 - 0x000000005a1e6000 	C:\Program Files\Java\jdk1.8.0_60\jre\bin\zip.dll
0x0000000059ff0000 - 0x000000005a188000 	C:\Program Files\Java\jdk1.8.0_60\jre\bin\awt.dll
0x00007fff69790000 - 0x00007fff69856000 	C:\Windows\system32\OLEAUT32.dll
0x00007fff67660000 - 0x00007fff67681000 	C:\Windows\system32\DWMAPI.DLL
0x00007fff67d20000 - 0x00007fff67e49000 	C:\Windows\system32\uxtheme.dll
0x00007fff67ef0000 - 0x00007fff67efb000 	C:\Windows\SYSTEM32\kernel.appcore.dll
0x00007fff68f30000 - 0x00007fff68f3b000 	C:\Windows\SYSTEM32\CRYPTBASE.dll
0x00007fff68ec0000 - 0x00007fff68f23000 	C:\Windows\SYSTEM32\bcryptPrimitives.dll
0x00007fff469f0000 - 0x00007fff46c1d000 	C:\Program Files\Acer\Acer Power Management\SysHook.dll
0x00007fff668a0000 - 0x00007fff668a7000 	C:\Windows\SYSTEM32\MSIMG32.dll
0x00007fff6bc10000 - 0x00007fff6bcc6000 	C:\Windows\system32\COMDLG32.dll
0x00007fff66560000 - 0x00007fff665e2000 	C:\Windows\SYSTEM32\WINSPOOL.DRV
0x00007fff66c10000 - 0x00007fff66dc1000 	C:\Windows\WinSxS\amd64_microsoft.windows.gdiplus_6595b64144ccf1df_1.1.9600.18592_none_933383bf47487fd6\gdiplus.dll
0x00007fff66220000 - 0x00007fff6628a000 	C:\Windows\SYSTEM32\OLEACC.dll
0x0000000059fa0000 - 0x0000000059fe7000 	C:\Program Files\Java\jdk1.8.0_60\jre\bin\fontmanager.dll
0x000000005a1b0000 - 0x000000005a1ca000 	C:\Program Files\Java\jdk1.8.0_60\jre\bin\net.dll
0x00007fff688b0000 - 0x00007fff68909000 	C:\Windows\system32\mswsock.dll
0x000000005a190000 - 0x000000005a1a1000 	C:\Program Files\Java\jdk1.8.0_60\jre\bin\nio.dll
0x0000000059f50000 - 0x0000000059f92000 	C:\Program Files\Java\jdk1.8.0_60\jre\bin\t2k.dll
0x00007fff6bb50000 - 0x00007fff6bc06000 	C:\Windows\SYSTEM32\clbcatq.dll
0x00007fff62f60000 - 0x00007fff6310e000 	C:\Windows\SYSTEM32\WindowsCodecs.dll
0x00007fff68910000 - 0x00007fff68930000 	C:\Windows\SYSTEM32\CRYPTSP.dll
0x00007fff68530000 - 0x00007fff68566000 	C:\Windows\system32\rsaenh.dll
0x00007fff68b60000 - 0x00007fff68b86000 	C:\Windows\SYSTEM32\bcrypt.dll
0x00007fff62550000 - 0x00007fff6257a000 	C:\Windows\SYSTEM32\IPHLPAPI.DLL
0x00007fff62dc0000 - 0x00007fff62dca000 	C:\Windows\SYSTEM32\WINNSI.DLL
0x00007fff61d60000 - 0x00007fff61d76000 	C:\Windows\SYSTEM32\dhcpcsvc6.DLL
0x00007fff61d40000 - 0x00007fff61d5a000 	C:\Windows\SYSTEM32\dhcpcsvc.DLL
0x00000000637c0000 - 0x00000000637cd000 	C:\Users\user\AppData\Local\Temp\jogamp_0000\file_cache\jln262702040007147393\jln6163642214837764916\natives\windows-amd64\gluegen-rt.dll
0x0000000059f00000 - 0x0000000059f07000 	C:\Program Files\Java\jdk1.8.0_60\jre\bin\jawt.dll
0x000000006a440000 - 0x000000006a44d000 	C:\Users\user\AppData\Local\Temp\jogamp_0000\file_cache\jln262702040007147393\jln6163642214837764916\natives\windows-amd64\nativewindow_awt.dll
0x000000006c100000 - 0x000000006c10f000 	C:\Users\user\AppData\Local\Temp\jogamp_0000\file_cache\jln262702040007147393\jln6163642214837764916\natives\windows-amd64\nativewindow_win32.dll
0x00007fff51470000 - 0x00007fff5159b000 	C:\Windows\SYSTEM32\OpenGL32.dll
0x00007fff62ce0000 - 0x00007fff62d0e000 	C:\Windows\SYSTEM32\GLU32.dll
0x00007fff605b0000 - 0x00007fff606a8000 	C:\Windows\SYSTEM32\DDRAW.dll
0x00007fff63230000 - 0x00007fff63239000 	C:\Windows\SYSTEM32\DCIMAN32.dll
0x0000000064500000 - 0x00000000645b1000 	C:\Users\user\AppData\Local\Temp\jogamp_0000\file_cache\jln262702040007147393\jln6163642214837764916\natives\windows-amd64\jogl_desktop.dll
0x0000000064340000 - 0x00000000643a2000 	C:\Users\user\AppData\Local\Temp\jogamp_0000\file_cache\jln262702040007147393\jln6163642214837764916\natives\windows-amd64\jogl_mobile.dll
0x0000000180000000 - 0x00000001807da000 	C:\Windows\SYSTEM32\ig75icd64.dll
0x00007fff63690000 - 0x00007fff63ae2000 	C:\Windows\SYSTEM32\igdusc64.dll
0x00007fff69060000 - 0x00007fff690a6000 	C:\Windows\SYSTEM32\powrprof.dll
0x00007fff5dc20000 - 0x00007fff5dda9000 	C:\Windows\SYSTEM32\dbghelp.dll

VM Arguments:
jvm_args: -Dfile.encoding=UTF-8 -Xmx1024M 
java_command: jbinvis.main.JBinVis
java_class_path (initial): C:\Users\user\Desktop\URECA\src\JBinVis\lib\gluegen-rt.jar;C:\Users\user\Desktop\URECA\src\JBinVis\lib\jogl-all.jar;C:\Users\user\Desktop\URECA\src\JBinVis\lib\opencv-320.jar;C:\Users\user\Desktop\URECA\src\JBinVis\build\classes
Launcher Type: SUN_STANDARD

Environment Variables:
PATH=C:\Program Files\Java\jdk1.8.0_60\bin;C:\Program Files\NVIDIA GPU Computing Toolkit\CUDA\v6.0\bin;C:\Program Files\NVIDIA GPU Computing Toolkit\CUDA\v6.0\libnvvp;C:\ProgramData\Oracle\Java\javapath;C:\Program Files (x86)\Intel\iCLS Client\;C:\Program Files\Intel\iCLS Client\;C:\Windows\system32;C:\Windows;C:\Windows\System32\Wbem;C:\Windows\System32\WindowsPowerShell\v1.0\;C:\Program Files\Intel\Intel(R) Management Engine Components\DAL;C:\Program Files\Intel\Intel(R) Management Engine Components\IPT;C:\Program Files (x86)\Intel\Intel(R) Management Engine Components\DAL;C:\Program Files (x86)\Intel\Intel(R) Management Engine Components\IPT;C:\Program Files (x86)\Acer\abFiles\;C:\Program Files\Microsoft SQL Server\110\Tools\Binn\;C:\Program Files (x86)\Windows Live\Shared;C:\Python34;C:\Program Files\Microsoft MPI\Bin;C:\Program Files (x86)\QuickTime\QTSystem\;C:\Program Files (x86)\NVIDIA Corporation\PhysX\Common;C:\Program Files\Microsoft\Web Platform Installer\;C:\Program Files\Microsoft SQL Server\120\Tools\Binn\;C:\Program Files\TortoiseSVN\bin;C:\Program Files (x86)\Windows Kits\8.1\Windows Performance Toolkit\;C:\Program Files\MySQL\MySQL Utilities 1.6\;C:\Program Files (x86)\Skype\Phone\;C:\Users\user\AppData\Local\Google\Cloud SDK\google-cloud-sdk\bin;C:\Users\user\AppData\Local\Android\sdk;C:\Program Files\Java\jdk1.8.0_60\bin
USERNAME=Billy
OS=Windows_NT
PROCESSOR_IDENTIFIER=Intel64 Family 6 Model 69 Stepping 1, GenuineIntel



---------------  S Y S T E M  ---------------

OS: Windows 8.1 , 64 bit Build 9600 (6.3.9600.17415)

CPU:total 4 (2 cores per cpu, 2 threads per core) family 6 model 69 stepping 1, cmov, cx8, fxsr, mmx, sse, sse2, sse3, ssse3, sse4.1, sse4.2, popcnt, avx, avx2, aes, clmul, erms, lzcnt, ht, tsc, tscinvbit, bmi1, bmi2

Memory: 4k page, physical 8310040k(4320532k free), swap 17222936k(12513104k free)

vm_info: Java HotSpot(TM) 64-Bit Server VM (25.60-b23) for windows-amd64 JRE (1.8.0_60-b27), built on Aug  4 2015 11:06:27 by "java_re" with MS VC++ 10.0 (VS2010)

time: Mon Apr 24 22:08:42 2017
elapsed time: 3 seconds (0d 0h 0m 3s)

