#
# A fatal error has been detected by the Java Runtime Environment:
#
#  EXCEPTION_ACCESS_VIOLATION (0xc0000005) at pc=0x0000000180089f10, pid=14484, tid=15024
#
# JRE version: Java(TM) SE Runtime Environment (8.0_60-b27) (build 1.8.0_60-b27)
# Java VM: Java HotSpot(TM) 64-Bit Server VM (25.60-b23 mixed mode windows-amd64 compressed oops)
# Problematic frame:
# C  [ig75icd64.dll+0x89f10]
#
# Failed to write core dump. Minidumps are not enabled by default on client versions of Windows
#
# If you would like to submit a bug report, please visit:
#   http://bugreport.java.com/bugreport/crash.jsp
# The crash happened outside the Java Virtual Machine in native code.
# See problematic frame for where to report the bug.
#

---------------  T H R E A D  ---------------

Current thread (0x00000000170cb800):  JavaThread "AWT-EventQueue-0" [_thread_in_native, id=15024, stack(0x00000000186a0000,0x00000000187a0000)]

siginfo: ExceptionCode=0xc0000005, reading address 0x0000000000000000

Registers:
RAX=0x0000000000000000, RBX=0x0000000019870080, RCX=0x0000000000000000, RDX=0x0000000000000000
RSP=0x000000001879afd0, RBP=0x000000001879b100, RSI=0x000000001b3b1568, RDI=0x000000001d762000
R8 =0x0000000000000080, R9 =0x0000000000000001, R10=0x0000000000000000, R11=0x000000001879b740
R12=0x0000000000000080, R13=0x0000000000000080, R14=0x000000001b3b1540, R15=0x0000000000000010
RIP=0x0000000180089f10, EFLAGS=0x0000000000010202

Top of Stack: (sp=0x000000001879afd0)
0x000000001879afd0:   0000000000000000 0000000000000000
0x000000001879afe0:   0000000000000000 0000000000000000
0x000000001879aff0:   0000000019890108 0000000180172e2f
0x000000001879b000:   0000000019870080 000000001b3b1568
0x000000001879b010:   000000001879b100 0000000000000000
0x000000001879b020:   ffffffffffffff01 00000000002a4568
0x000000001879b030:   0000000000000000 0000000000000000
0x000000001879b040:   000000001c76eaa8 000000000000000c
0x000000001879b050:   ffffffff1c70fca0 000000001b3d8480
0x000000001879b060:   0000000000000001 0000000019890108
0x000000001879b070:   0000000019251340 000000001879b740
0x000000001879b080:   0000000019251344 0000000000000000
0x000000001879b090:   0000000000001340 00000001803eda7c
0x000000001879b0a0:   000000001879b278 00000000000000b8
0x000000001879b0b0:   0000000000000000 000000000000006b
0x000000001879b0c0:   0000000000b64798 0000000000000000 

Instructions: (pc=0x0000000180089f10)
0x0000000180089ef0:   c2 10 66 0f e7 47 f0 49 3b c2 72 e4 e9 ab 00 00
0x0000000180089f00:   00 4d 85 c9 74 6c 66 66 0f 1f 84 00 00 00 00 00
0x0000000180089f10:   66 0f 6f 3a 66 0f 6f 72 10 66 0f 6f 6a 20 41 ff
0x0000000180089f20:   c2 48 83 ef 80 41 8b c2 66 0f 6f 62 30 66 0f 6f 


Register to memory mapping:

RAX=0x0000000000000000 is an unknown value
RBX=0x0000000019870080 is an unknown value
RCX=0x0000000000000000 is an unknown value
RDX=0x0000000000000000 is an unknown value
RSP=0x000000001879afd0 is pointing into the stack for thread: 0x00000000170cb800
RBP=0x000000001879b100 is pointing into the stack for thread: 0x00000000170cb800
RSI=0x000000001b3b1568 is an unknown value
RDI=0x000000001d762000 is an unknown value
R8 =0x0000000000000080 is an unknown value
R9 =0x0000000000000001 is an unknown value
R10=0x0000000000000000 is an unknown value
R11=0x000000001879b740 is pointing into the stack for thread: 0x00000000170cb800
R12=0x0000000000000080 is an unknown value
R13=0x0000000000000080 is an unknown value
R14=0x000000001b3b1540 is an unknown value
R15=0x0000000000000010 is an unknown value


Stack: [0x00000000186a0000,0x00000000187a0000],  sp=0x000000001879afd0,  free space=1003k
Native frames: (J=compiled Java code, j=interpreted, Vv=VM code, C=native code)
C  [ig75icd64.dll+0x89f10]
C  [ig75icd64.dll+0x172e2f]
C  [ig75icd64.dll+0x23ddc2]
C  [ig75icd64.dll+0x63c5a]
C  [ig75icd64.dll+0x273275]
C  [ig75icd64.dll+0x89145]
C  [ig75icd64.dll+0x1614c7]
C  [ig75icd64.dll+0x16166a]
C  [ig75icd64.dll+0x163101]
C  0x00000000025adfcc

Java frames: (J=compiled Java code, j=interpreted, Vv=VM code)
j  jogamp.opengl.gl4.GL4bcImpl.dispatch_glDrawElements1(IIIJJ)V+0
j  jogamp.opengl.gl4.GL4bcImpl.glDrawElements(IIIJ)V+53
j  jbinvis.visualisations.Trigraph.render(Lcom/jogamp/opengl/GL2;D)V+92
j  jbinvis.renderer.BinVisCanvas.display(Lcom/jogamp/opengl/GLAutoDrawable;)V+171
j  jogamp.opengl.GLDrawableHelper.displayImpl(Lcom/jogamp/opengl/GLAutoDrawable;)V+62
j  jogamp.opengl.GLDrawableHelper.display(Lcom/jogamp/opengl/GLAutoDrawable;)V+2
j  com.jogamp.opengl.awt.GLCanvas$11.run()V+118
j  jogamp.opengl.GLDrawableHelper.invokeGLImpl(Lcom/jogamp/opengl/GLDrawable;Lcom/jogamp/opengl/GLContext;Ljava/lang/Runnable;Ljava/lang/Runnable;)V+203
j  jogamp.opengl.GLDrawableHelper.invokeGL(Lcom/jogamp/opengl/GLDrawable;Lcom/jogamp/opengl/GLContext;Ljava/lang/Runnable;Ljava/lang/Runnable;)V+72
j  com.jogamp.opengl.awt.GLCanvas$12.run()V+104
j  java.awt.event.InvocationEvent.dispatch()V+11
j  java.awt.EventQueue.dispatchEventImpl(Ljava/awt/AWTEvent;Ljava/lang/Object;)V+21
j  java.awt.EventQueue.access$500(Ljava/awt/EventQueue;Ljava/awt/AWTEvent;Ljava/lang/Object;)V+3
j  java.awt.EventQueue$3.run()Ljava/lang/Void;+32
j  java.awt.EventQueue$3.run()Ljava/lang/Object;+1
v  ~StubRoutines::call_stub
J 1005  java.security.AccessController.doPrivileged(Ljava/security/PrivilegedAction;Ljava/security/AccessControlContext;)Ljava/lang/Object; (0 bytes) @ 0x000000000290dce6 [0x000000000290dc80+0x66]
J 1029 C1 java.security.ProtectionDomain$JavaSecurityAccessImpl.doIntersectionPrivilege(Ljava/security/PrivilegedAction;Ljava/security/AccessControlContext;Ljava/security/AccessControlContext;)Ljava/lang/Object; (22 bytes) @ 0x000000000291851c [0x00000000029180a0+0x47c]
j  java.awt.EventQueue.dispatchEvent(Ljava/awt/AWTEvent;)V+46
j  java.awt.EventDispatchThread.pumpOneEventForFilters(I)V+245
j  java.awt.EventDispatchThread.pumpEventsForFilter(ILjava/awt/Conditional;Ljava/awt/EventFilter;)V+35
j  java.awt.EventDispatchThread.pumpEventsForHierarchy(ILjava/awt/Conditional;Ljava/awt/Component;)V+11
j  java.awt.EventDispatchThread.pumpEvents(ILjava/awt/Conditional;)V+4
j  java.awt.EventDispatchThread.pumpEvents(Ljava/awt/Conditional;)V+3
j  java.awt.EventDispatchThread.run()V+9
v  ~StubRoutines::call_stub

---------------  P R O C E S S  ---------------

Java Threads: ( => current thread )
  0x00000000009ee000 JavaThread "DestroyJavaVM" [_thread_blocked, id=15768, stack(0x0000000000b70000,0x0000000000c70000)]
  0x0000000017782000 JavaThread "main-FPSAWTAnimator#00-Timer0" [_thread_blocked, id=15572, stack(0x0000000019e70000,0x0000000019f70000)]
  0x0000000017232000 JavaThread "main-SharedResourceRunner" daemon [_thread_blocked, id=16376, stack(0x0000000000420000,0x0000000000520000)]
  0x00000000171af800 JavaThread "org.netbeans.modules.debugger.jpda.visual AWT Access Loop" daemon [_thread_blocked, id=16060, stack(0x0000000018f10000,0x0000000019010000)]
=>0x00000000170cb800 JavaThread "AWT-EventQueue-0" [_thread_in_native, id=15024, stack(0x00000000186a0000,0x00000000187a0000)]
  0x0000000017009000 JavaThread "AWT-Windows" daemon [_thread_in_native, id=15660, stack(0x0000000017ab0000,0x0000000017bb0000)]
  0x0000000017007000 JavaThread "AWT-Shutdown" [_thread_blocked, id=13624, stack(0x00000000179b0000,0x0000000017ab0000)]
  0x0000000017001800 JavaThread "Java2D Disposer" daemon [_thread_blocked, id=11864, stack(0x00000000178b0000,0x00000000179b0000)]
  0x00000000168f8000 JavaThread "Service Thread" daemon [_thread_blocked, id=16256, stack(0x0000000016cb0000,0x0000000016db0000)]
  0x0000000014c90000 JavaThread "C1 CompilerThread2" daemon [_thread_blocked, id=8028, stack(0x00000000167b0000,0x00000000168b0000)]
  0x0000000014c89800 JavaThread "C2 CompilerThread1" daemon [_thread_blocked, id=9360, stack(0x00000000166b0000,0x00000000167b0000)]
  0x0000000014c84800 JavaThread "C2 CompilerThread0" daemon [_thread_blocked, id=15976, stack(0x00000000165b0000,0x00000000166b0000)]
  0x0000000014c7a000 JavaThread "JDWP Command Reader" daemon [_thread_in_native, id=12792, stack(0x00000000164b0000,0x00000000165b0000)]
  0x0000000014c74800 JavaThread "JDWP Event Helper Thread" daemon [_thread_blocked, id=2808, stack(0x00000000163b0000,0x00000000164b0000)]
  0x0000000014c72000 JavaThread "JDWP Transport Listener: dt_shmem" daemon [_thread_blocked, id=6092, stack(0x00000000162b0000,0x00000000163b0000)]
  0x0000000014c5f000 JavaThread "Attach Listener" daemon [_thread_blocked, id=14952, stack(0x00000000161b0000,0x00000000162b0000)]
  0x0000000014c5e800 JavaThread "Signal Dispatcher" daemon [_thread_blocked, id=15488, stack(0x00000000160b0000,0x00000000161b0000)]
  0x00000000024fa000 JavaThread "Finalizer" daemon [_thread_blocked, id=15904, stack(0x0000000015ed0000,0x0000000015fd0000)]
  0x00000000024f1800 JavaThread "Reference Handler" daemon [_thread_blocked, id=15336, stack(0x0000000015dd0000,0x0000000015ed0000)]

Other Threads:
  0x0000000014c28800 VMThread [stack: 0x0000000015cd0000,0x0000000015dd0000] [id=16204]
  0x00000000168fc000 WatcherThread [stack: 0x0000000016db0000,0x0000000016eb0000] [id=16148]

VM state:not at safepoint (normal execution)

VM Mutex/Monitor currently owned by a thread: None

Heap:
 PSYoungGen      total 38400K, used 21718K [0x00000000eab00000, 0x00000000ed580000, 0x0000000100000000)
  eden space 33280K, 49% used [0x00000000eab00000,0x00000000ebb3d6b0,0x00000000ecb80000)
  from space 5120K, 99% used [0x00000000ed080000,0x00000000ed578388,0x00000000ed580000)
  to   space 5120K, 0% used [0x00000000ecb80000,0x00000000ecb80000,0x00000000ed080000)
 ParOldGen       total 87552K, used 5105K [0x00000000c0000000, 0x00000000c5580000, 0x00000000eab00000)
  object space 87552K, 5% used [0x00000000c0000000,0x00000000c04fc790,0x00000000c5580000)
 Metaspace       used 19100K, capacity 19254K, committed 19712K, reserved 1067008K
  class space    used 2163K, capacity 2219K, committed 2304K, reserved 1048576K

Card table byte_map: [0x0000000011950000,0x0000000011b60000] byte_map_base: 0x0000000011350000

Marking Bits: (ParMarkBitMap*) 0x000000005ab5a5b0
 Begin Bits: [0x00000000120c0000, 0x00000000130c0000)
 End Bits:   [0x00000000130c0000, 0x00000000140c0000)

Polling page: 0x00000000009d0000

CodeCache: size=245760Kb used=3764Kb max_used=3764Kb free=241995Kb
 bounds [0x0000000002590000, 0x0000000002940000, 0x0000000011590000]
 total_blobs=1968 nmethods=1097 adapters=791
 compilation: enabled

Compilation events (10 events):
Event: 5.452 Thread 0x0000000014c90000 1092       3       java.awt.Component::areBoundsValid (29 bytes)
Event: 5.453 Thread 0x0000000014c90000 nmethod 1092 0x000000000293c950 code [0x000000000293cae0, 0x000000000293cfe8]
Event: 5.455 Thread 0x0000000014c90000 1093       3       java.io.WinNTFileSystem::prefixLength (91 bytes)
Event: 5.458 Thread 0x0000000014c90000 nmethod 1093 0x000000000293d0d0 code [0x000000000293d2e0, 0x000000000293de88]
Event: 16.962 Thread 0x0000000014c90000 1094       3       org.netbeans.modules.debugger.jpda.visual.remote.RemoteAWTService::access$400 (4 bytes)
Event: 16.962 Thread 0x0000000014c90000 nmethod 1094 0x000000000293e3d0 code [0x000000000293e520, 0x000000000293e650]
Event: 30.777 Thread 0x0000000014c90000 1096       3       org.netbeans.modules.debugger.jpda.visual.remote.RemoteAWTService::access$000 (4 bytes)
Event: 30.777 Thread 0x0000000014c90000 nmethod 1096 0x000000000293ea50 code [0x000000000293eba0, 0x000000000293ecf0]
Event: 30.777 Thread 0x0000000014c90000 1097       3       org.netbeans.modules.debugger.jpda.visual.remote.RemoteAWTService::access$100 (4 bytes)
Event: 30.778 Thread 0x0000000014c90000 nmethod 1097 0x000000000293ed50 code [0x000000000293eea0, 0x000000000293eff0]

GC Heap History (4 events):
Event: 3.333 GC heap before
{Heap before GC invocations=1 (full 0):
 PSYoungGen      total 38400K, used 33280K [0x00000000eab00000, 0x00000000ed580000, 0x0000000100000000)
  eden space 33280K, 100% used [0x00000000eab00000,0x00000000ecb80000,0x00000000ecb80000)
  from space 5120K, 0% used [0x00000000ed080000,0x00000000ed080000,0x00000000ed580000)
  to   space 5120K, 0% used [0x00000000ecb80000,0x00000000ecb80000,0x00000000ed080000)
 ParOldGen       total 87552K, used 0K [0x00000000c0000000, 0x00000000c5580000, 0x00000000eab00000)
  object space 87552K, 0% used [0x00000000c0000000,0x00000000c0000000,0x00000000c5580000)
 Metaspace       used 16247K, capacity 16430K, committed 16768K, reserved 1064960K
  class space    used 1727K, capacity 1799K, committed 1920K, reserved 1048576K
Event: 3.342 GC heap after
Heap after GC invocations=1 (full 0):
 PSYoungGen      total 38400K, used 5088K [0x00000000eab00000, 0x00000000ed580000, 0x0000000100000000)
  eden space 33280K, 0% used [0x00000000eab00000,0x00000000eab00000,0x00000000ecb80000)
  from space 5120K, 99% used [0x00000000ecb80000,0x00000000ed078358,0x00000000ed080000)
  to   space 5120K, 0% used [0x00000000ed080000,0x00000000ed080000,0x00000000ed580000)
 ParOldGen       total 87552K, used 243K [0x00000000c0000000, 0x00000000c5580000, 0x00000000eab00000)
  object space 87552K, 0% used [0x00000000c0000000,0x00000000c003cfa8,0x00000000c5580000)
 Metaspace       used 16247K, capacity 16430K, committed 16768K, reserved 1064960K
  class space    used 1727K, capacity 1799K, committed 1920K, reserved 1048576K
}
Event: 13.014 GC heap before
{Heap before GC invocations=2 (full 0):
 PSYoungGen      total 38400K, used 34166K [0x00000000eab00000, 0x00000000ed580000, 0x0000000100000000)
  eden space 33280K, 87% used [0x00000000eab00000,0x00000000ec765668,0x00000000ecb80000)
  from space 5120K, 99% used [0x00000000ecb80000,0x00000000ed078358,0x00000000ed080000)
  to   space 5120K, 0% used [0x00000000ed080000,0x00000000ed080000,0x00000000ed580000)
 ParOldGen       total 87552K, used 243K [0x00000000c0000000, 0x00000000c5580000, 0x00000000eab00000)
  object space 87552K, 0% used [0x00000000c0000000,0x00000000c003cfa8,0x00000000c5580000)
 Metaspace       used 19085K, capacity 19254K, committed 19712K, reserved 1067008K
  class space    used 2161K, capacity 2219K, committed 2304K, reserved 1048576K
Event: 13.024 GC heap after
Heap after GC invocations=2 (full 0):
 PSYoungGen      total 38400K, used 5088K [0x00000000eab00000, 0x00000000ed580000, 0x0000000100000000)
  eden space 33280K, 0% used [0x00000000eab00000,0x00000000eab00000,0x00000000ecb80000)
  from space 5120K, 99% used [0x00000000ed080000,0x00000000ed578388,0x00000000ed580000)
  to   space 5120K, 0% used [0x00000000ecb80000,0x00000000ecb80000,0x00000000ed080000)
 ParOldGen       total 87552K, used 5105K [0x00000000c0000000, 0x00000000c5580000, 0x00000000eab00000)
  object space 87552K, 5% used [0x00000000c0000000,0x00000000c04fc790,0x00000000c5580000)
 Metaspace       used 19085K, capacity 19254K, committed 19712K, reserved 1067008K
  class space    used 2161K, capacity 2219K, committed 2304K, reserved 1048576K
}

Deoptimization events (8 events):
Event: 1.999 Thread 0x00000000009ee000 Uncommon trap: reason=unstable_if action=reinterpret pc=0x00000000026a5948 method=jbinvis.math.Hilbert.<init>()V @ 23
Event: 2.200 Thread 0x00000000009ee000 Uncommon trap: reason=null_check action=make_not_entrant pc=0x000000000270b1a4 method=java.lang.String.equals(Ljava/lang/Object;)Z @ 8
Event: 2.331 Thread 0x00000000009ee000 Uncommon trap: reason=class_check action=maybe_recompile pc=0x00000000027231d4 method=java.lang.String.equals(Ljava/lang/Object;)Z @ 8
Event: 2.333 Thread 0x00000000009ee000 Uncommon trap: reason=class_check action=maybe_recompile pc=0x00000000027231d4 method=java.lang.String.equals(Ljava/lang/Object;)Z @ 8
Event: 2.333 Thread 0x00000000009ee000 Uncommon trap: reason=class_check action=maybe_recompile pc=0x00000000027231d4 method=java.lang.String.equals(Ljava/lang/Object;)Z @ 8
Event: 2.335 Thread 0x00000000009ee000 Uncommon trap: reason=class_check action=maybe_recompile pc=0x00000000027231d4 method=java.lang.String.equals(Ljava/lang/Object;)Z @ 8
Event: 2.689 Thread 0x00000000009ee000 Uncommon trap: reason=unstable_if action=reinterpret pc=0x000000000279fb28 method=java.lang.String.<init>([CII)V @ 18
Event: 3.584 Thread 0x00000000009ee000 Uncommon trap: reason=unstable_if action=reinterpret pc=0x00000000028697f0 method=java.lang.reflect.AccessibleObject.setAccessible0(Ljava/lang/reflect/AccessibleObject;Z)V @ 4

Internal exceptions (10 events):
Event: 2.039 Thread 0x00000000009ee000 Exception <a 'java/security/PrivilegedActionException'> (0x00000000eae9f380) thrown at [C:\re\workspace\8-2-build-windows-amd64-cygwin\jdk8u60\4407\hotspot\src\share\vm\prims\jvm.cpp, line 1386]
Event: 2.039 Thread 0x00000000009ee000 Exception <a 'java/security/PrivilegedActionException'> (0x00000000eae9f590) thrown at [C:\re\workspace\8-2-build-windows-amd64-cygwin\jdk8u60\4407\hotspot\src\share\vm\prims\jvm.cpp, line 1386]
Event: 2.040 Thread 0x00000000009ee000 Exception <a 'java/security/PrivilegedActionException'> (0x00000000eaea33d8) thrown at [C:\re\workspace\8-2-build-windows-amd64-cygwin\jdk8u60\4407\hotspot\src\share\vm\prims\jvm.cpp, line 1386]
Event: 2.040 Thread 0x00000000009ee000 Exception <a 'java/security/PrivilegedActionException'> (0x00000000eaea35e8) thrown at [C:\re\workspace\8-2-build-windows-amd64-cygwin\jdk8u60\4407\hotspot\src\share\vm\prims\jvm.cpp, line 1386]
Event: 2.046 Thread 0x00000000009ee000 Exception <a 'java/io/FileNotFoundException'> (0x00000000eaea88f8) thrown at [C:\re\workspace\8-2-build-windows-amd64-cygwin\jdk8u60\4407\hotspot\src\share\vm\prims\jni.cpp, line 709]
Event: 2.095 Thread 0x00000000009ee000 Exception <a 'java/lang/NoSuchFieldError': method resolution failed> (0x00000000eaf76638) thrown at [C:\re\workspace\8-2-build-windows-amd64-cygwin\jdk8u60\4407\hotspot\src\share\vm\prims\methodHandles.cpp, line 1146]
Event: 2.098 Thread 0x00000000009ee000 Exception <a 'java/lang/NoSuchFieldError': method resolution failed> (0x00000000eaf83988) thrown at [C:\re\workspace\8-2-build-windows-amd64-cygwin\jdk8u60\4407\hotspot\src\share\vm\prims\methodHandles.cpp, line 1146]
Event: 2.170 Thread 0x00000000009ee000 Exception <a 'java/io/FileNotFoundException'> (0x00000000eb01a7b8) thrown at [C:\re\workspace\8-2-build-windows-amd64-cygwin\jdk8u60\4407\hotspot\src\share\vm\prims\jni.cpp, line 709]
Event: 2.200 Thread 0x00000000009ee000 Implicit null exception at 0x000000000270af25 to 0x000000000270b195
Event: 3.557 Thread 0x00000000009ee000 Exception <a 'java/lang/reflect/InvocationTargetException'> (0x00000000ec191640) thrown at [C:\re\workspace\8-2-build-windows-amd64-cygwin\jdk8u60\4407\hotspot\src\share\vm\runtime\reflection.cpp, line 1092]

Events (10 events):
Event: 40.165 Executing VM operation: EnterInterpOnlyMode
Event: 40.165 Executing nested VM operation: Deoptimize
Event: 40.165 Executing nested VM operation: Deoptimize done
Event: 40.165 Executing VM operation: EnterInterpOnlyMode done
Event: 40.165 Executing VM operation: GetCurrentLocation
Event: 40.165 Executing VM operation: GetCurrentLocation done
Event: 40.165 Executing VM operation: ChangeSingleStep
Event: 40.165 Executing VM operation: ChangeSingleStep done
Event: 40.167 Executing VM operation: ChangeSingleStep
Event: 40.167 Executing VM operation: ChangeSingleStep done


Dynamic libraries:
0x00007ff72b090000 - 0x00007ff72b0c7000 	C:\Program Files\Java\jdk1.8.0_60\bin\java.exe
0x00007fff6bfa0000 - 0x00007fff6c14d000 	C:\Windows\SYSTEM32\ntdll.dll
0x00007fff6b590000 - 0x00007fff6b6ce000 	C:\Windows\system32\KERNEL32.DLL
0x00007fff69320000 - 0x00007fff69435000 	C:\Windows\system32\KERNELBASE.dll
0x00007fff67840000 - 0x00007fff678ce000 	C:\Windows\system32\apphelp.dll
0x00007fff50480000 - 0x00007fff504d3000 	C:\Windows\AppPatch\AppPatch64\AcGenral.DLL
0x00007fff6b4e0000 - 0x00007fff6b58a000 	C:\Windows\system32\msvcrt.dll
0x00007fff69240000 - 0x00007fff6926e000 	C:\Windows\system32\SspiCli.dll
0x00007fff6b480000 - 0x00007fff6b4d4000 	C:\Windows\system32\SHLWAPI.dll
0x00007fff6b9d0000 - 0x00007fff6bb47000 	C:\Windows\system32\USER32.dll
0x00007fff6aff0000 - 0x00007fff6b184000 	C:\Windows\system32\ole32.dll
0x00007fff69ac0000 - 0x00007fff6afe8000 	C:\Windows\system32\SHELL32.dll
0x00007fff68640000 - 0x00007fff68661000 	C:\Windows\SYSTEM32\USERENV.dll
0x00007fff6b190000 - 0x00007fff6b23a000 	C:\Windows\system32\ADVAPI32.dll
0x00007fff63b60000 - 0x00007fff63b7e000 	C:\Windows\SYSTEM32\MPR.dll
0x00007fff6b6d0000 - 0x00007fff6b810000 	C:\Windows\system32\RPCRT4.dll
0x00007fff6bf40000 - 0x00007fff6bf99000 	C:\Windows\SYSTEM32\sechost.dll
0x00007fff69890000 - 0x00007fff69aa1000 	C:\Windows\SYSTEM32\combase.dll
0x00007fff6bcd0000 - 0x00007fff6be1f000 	C:\Windows\system32\GDI32.dll
0x00007fff690c0000 - 0x00007fff690d5000 	C:\Windows\SYSTEM32\profapi.dll
0x00007fff67c30000 - 0x00007fff67ce2000 	C:\Windows\SYSTEM32\SHCORE.dll
0x00007fff6be20000 - 0x00007fff6be56000 	C:\Windows\system32\IMM32.DLL
0x00007fff69620000 - 0x00007fff69772000 	C:\Windows\system32\MSCTF.dll
0x00007fff668b0000 - 0x00007fff66b2b000 	C:\Windows\WinSxS\amd64_microsoft.windows.common-controls_6595b64144ccf1df_6.0.9600.18006_none_623f33d3ecbe86e8\COMCTL32.dll
0x000000005a270000 - 0x000000005a342000 	C:\Program Files\Java\jdk1.8.0_60\jre\bin\msvcr100.dll
0x000000005a350000 - 0x000000005abd9000 	C:\Program Files\Java\jdk1.8.0_60\jre\bin\server\jvm.dll
0x00007fff5f400000 - 0x00007fff5f409000 	C:\Windows\SYSTEM32\WSOCK32.dll
0x00007fff66b30000 - 0x00007fff66b52000 	C:\Windows\SYSTEM32\WINMM.dll
0x00007fff66c00000 - 0x00007fff66c0a000 	C:\Windows\SYSTEM32\VERSION.dll
0x00007fff6be60000 - 0x00007fff6be67000 	C:\Windows\system32\PSAPI.DLL
0x00007fff6b420000 - 0x00007fff6b47a000 	C:\Windows\system32\WS2_32.dll
0x00007fff667c0000 - 0x00007fff667ea000 	C:\Windows\SYSTEM32\WINMMBASE.dll
0x00007fff69780000 - 0x00007fff69789000 	C:\Windows\system32\NSI.dll
0x00007fff691f0000 - 0x00007fff6923f000 	C:\Windows\SYSTEM32\cfgmgr32.dll
0x00007fff67f00000 - 0x00007fff67f28000 	C:\Windows\SYSTEM32\DEVOBJ.dll
0x000000005a220000 - 0x000000005a22f000 	C:\Program Files\Java\jdk1.8.0_60\jre\bin\verify.dll
0x000000005a1f0000 - 0x000000005a219000 	C:\Program Files\Java\jdk1.8.0_60\jre\bin\java.dll
0x0000000059b60000 - 0x0000000059b95000 	C:\Program Files\Java\jdk1.8.0_60\jre\bin\jdwp.dll
0x0000000059b50000 - 0x0000000059b58000 	C:\Program Files\Java\jdk1.8.0_60\jre\bin\npt.dll
0x000000005a1d0000 - 0x000000005a1e6000 	C:\Program Files\Java\jdk1.8.0_60\jre\bin\zip.dll
0x0000000059ba0000 - 0x0000000059bab000 	C:\Program Files\Java\jdk1.8.0_60\jre\bin\dt_shmem.dll
0x0000000059ff0000 - 0x000000005a188000 	C:\Program Files\Java\jdk1.8.0_60\jre\bin\awt.dll
0x00007fff69790000 - 0x00007fff69856000 	C:\Windows\system32\OLEAUT32.dll
0x00007fff67660000 - 0x00007fff67681000 	C:\Windows\system32\DWMAPI.DLL
0x00007fff67d20000 - 0x00007fff67e49000 	C:\Windows\system32\uxtheme.dll
0x00007fff67ef0000 - 0x00007fff67efb000 	C:\Windows\SYSTEM32\kernel.appcore.dll
0x00007fff68f30000 - 0x00007fff68f3b000 	C:\Windows\SYSTEM32\CRYPTBASE.dll
0x00007fff68ec0000 - 0x00007fff68f23000 	C:\Windows\SYSTEM32\bcryptPrimitives.dll
0x00007fff469f0000 - 0x00007fff46c1d000 	C:\Program Files\Acer\Acer Power Management\SysHook.dll
0x00007fff668a0000 - 0x00007fff668a7000 	C:\Windows\SYSTEM32\MSIMG32.dll
0x00007fff6bc10000 - 0x00007fff6bcc6000 	C:\Windows\system32\COMDLG32.dll
0x00007fff66560000 - 0x00007fff665e2000 	C:\Windows\SYSTEM32\WINSPOOL.DRV
0x00007fff66c10000 - 0x00007fff66dc1000 	C:\Windows\WinSxS\amd64_microsoft.windows.gdiplus_6595b64144ccf1df_1.1.9600.18592_none_933383bf47487fd6\gdiplus.dll
0x00007fff66220000 - 0x00007fff6628a000 	C:\Windows\SYSTEM32\OLEACC.dll
0x0000000059fa0000 - 0x0000000059fe7000 	C:\Program Files\Java\jdk1.8.0_60\jre\bin\fontmanager.dll
0x000000005a1b0000 - 0x000000005a1ca000 	C:\Program Files\Java\jdk1.8.0_60\jre\bin\net.dll
0x00007fff688b0000 - 0x00007fff68909000 	C:\Windows\system32\mswsock.dll
0x000000005a190000 - 0x000000005a1a1000 	C:\Program Files\Java\jdk1.8.0_60\jre\bin\nio.dll
0x0000000059f50000 - 0x0000000059f92000 	C:\Program Files\Java\jdk1.8.0_60\jre\bin\t2k.dll
0x00007fff6bb50000 - 0x00007fff6bc06000 	C:\Windows\SYSTEM32\clbcatq.dll
0x00007fff62f60000 - 0x00007fff6310e000 	C:\Windows\SYSTEM32\WindowsCodecs.dll
0x00007fff68910000 - 0x00007fff68930000 	C:\Windows\SYSTEM32\CRYPTSP.dll
0x00007fff68530000 - 0x00007fff68566000 	C:\Windows\system32\rsaenh.dll
0x00007fff68b60000 - 0x00007fff68b86000 	C:\Windows\SYSTEM32\bcrypt.dll
0x00007fff62550000 - 0x00007fff6257a000 	C:\Windows\SYSTEM32\IPHLPAPI.DLL
0x00007fff62dc0000 - 0x00007fff62dca000 	C:\Windows\SYSTEM32\WINNSI.DLL
0x00007fff61d60000 - 0x00007fff61d76000 	C:\Windows\SYSTEM32\dhcpcsvc6.DLL
0x00007fff61d40000 - 0x00007fff61d5a000 	C:\Windows\SYSTEM32\dhcpcsvc.DLL
0x00000000637c0000 - 0x00000000637cd000 	C:\Users\user\AppData\Local\Temp\jogamp_0000\file_cache\jln9002085057064527632\jln5481961996873997051\natives\windows-amd64\gluegen-rt.dll
0x0000000059a90000 - 0x0000000059a97000 	C:\Program Files\Java\jdk1.8.0_60\jre\bin\jawt.dll
0x000000006a440000 - 0x000000006a44d000 	C:\Users\user\AppData\Local\Temp\jogamp_0000\file_cache\jln9002085057064527632\jln5481961996873997051\natives\windows-amd64\nativewindow_awt.dll
0x000000006c100000 - 0x000000006c10f000 	C:\Users\user\AppData\Local\Temp\jogamp_0000\file_cache\jln9002085057064527632\jln5481961996873997051\natives\windows-amd64\nativewindow_win32.dll
0x00007fff51470000 - 0x00007fff5159b000 	C:\Windows\SYSTEM32\OpenGL32.dll
0x00007fff62ce0000 - 0x00007fff62d0e000 	C:\Windows\SYSTEM32\GLU32.dll
0x00007fff605b0000 - 0x00007fff606a8000 	C:\Windows\SYSTEM32\DDRAW.dll
0x00007fff63230000 - 0x00007fff63239000 	C:\Windows\SYSTEM32\DCIMAN32.dll
0x0000000064500000 - 0x00000000645b1000 	C:\Users\user\AppData\Local\Temp\jogamp_0000\file_cache\jln9002085057064527632\jln5481961996873997051\natives\windows-amd64\jogl_desktop.dll
0x0000000064340000 - 0x00000000643a2000 	C:\Users\user\AppData\Local\Temp\jogamp_0000\file_cache\jln9002085057064527632\jln5481961996873997051\natives\windows-amd64\jogl_mobile.dll
0x0000000180000000 - 0x00000001807da000 	C:\Windows\SYSTEM32\ig75icd64.dll
0x00007fff63690000 - 0x00007fff63ae2000 	C:\Windows\SYSTEM32\igdusc64.dll
0x00007fff69060000 - 0x00007fff690a6000 	C:\Windows\SYSTEM32\powrprof.dll
0x00007fff5dc20000 - 0x00007fff5dda9000 	C:\Windows\SYSTEM32\dbghelp.dll

VM Arguments:
jvm_args: -Xdebug -Xrunjdwp:transport=dt_shmem,address=javadebug -Dfile.encoding=UTF-8 -Xmx1024M 
java_command: jbinvis.main.JBinVis
java_class_path (initial): C:\Users\user\Desktop\URECA\src\JBinVis\lib\gluegen-rt.jar;C:\Users\user\Desktop\URECA\src\JBinVis\lib\jogl-all.jar;C:\Users\user\Desktop\URECA\src\JBinVis\lib\opencv-320.jar;C:\Users\user\Desktop\URECA\src\JBinVis\build\classes
Launcher Type: SUN_STANDARD

Environment Variables:
PATH=C:\Program Files\Java\jdk1.8.0_60\bin;C:\Program Files\NVIDIA GPU Computing Toolkit\CUDA\v6.0\bin;C:\Program Files\NVIDIA GPU Computing Toolkit\CUDA\v6.0\libnvvp;C:\ProgramData\Oracle\Java\javapath;C:\Program Files (x86)\Intel\iCLS Client\;C:\Program Files\Intel\iCLS Client\;C:\Windows\system32;C:\Windows;C:\Windows\System32\Wbem;C:\Windows\System32\WindowsPowerShell\v1.0\;C:\Program Files\Intel\Intel(R) Management Engine Components\DAL;C:\Program Files\Intel\Intel(R) Management Engine Components\IPT;C:\Program Files (x86)\Intel\Intel(R) Management Engine Components\DAL;C:\Program Files (x86)\Intel\Intel(R) Management Engine Components\IPT;C:\Program Files (x86)\Acer\abFiles\;C:\Program Files\Microsoft SQL Server\110\Tools\Binn\;C:\Program Files (x86)\Windows Live\Shared;C:\Python34;C:\Program Files\Microsoft MPI\Bin;C:\Program Files (x86)\QuickTime\QTSystem\;C:\Program Files (x86)\NVIDIA Corporation\PhysX\Common;C:\Program Files\Microsoft\Web Platform Installer\;C:\Program Files\Microsoft SQL Server\120\Tools\Binn\;C:\Program Files\TortoiseSVN\bin;C:\Program Files (x86)\Windows Kits\8.1\Windows Performance Toolkit\;C:\Program Files\MySQL\MySQL Utilities 1.6\;C:\Program Files (x86)\Skype\Phone\;C:\Users\user\AppData\Local\Google\Cloud SDK\google-cloud-sdk\bin;C:\Users\user\AppData\Local\Android\sdk;C:\Program Files\Java\jdk1.8.0_60\bin
USERNAME=Billy
OS=Windows_NT
PROCESSOR_IDENTIFIER=Intel64 Family 6 Model 69 Stepping 1, GenuineIntel



---------------  S Y S T E M  ---------------

OS: Windows 8.1 , 64 bit Build 9600 (6.3.9600.17415)

CPU:total 4 (2 cores per cpu, 2 threads per core) family 6 model 69 stepping 1, cmov, cx8, fxsr, mmx, sse, sse2, sse3, ssse3, sse4.1, sse4.2, popcnt, avx, avx2, aes, clmul, erms, lzcnt, ht, tsc, tscinvbit, bmi1, bmi2

Memory: 4k page, physical 8310040k(4331684k free), swap 17222936k(12522696k free)

vm_info: Java HotSpot(TM) 64-Bit Server VM (25.60-b23) for windows-amd64 JRE (1.8.0_60-b27), built on Aug  4 2015 11:06:27 by "java_re" with MS VC++ 10.0 (VS2010)

time: Mon Apr 24 22:08:02 2017
elapsed time: 40 seconds (0d 0h 0m 40s)

