#
# A fatal error has been detected by the Java Runtime Environment:
#
#  EXCEPTION_ACCESS_VIOLATION (0xc0000005) at pc=0x0000000180089f10, pid=75044, tid=75320
#
# JRE version: Java(TM) SE Runtime Environment (8.0_60-b27) (build 1.8.0_60-b27)
# Java VM: Java HotSpot(TM) 64-Bit Server VM (25.60-b23 mixed mode windows-amd64 compressed oops)
# Problematic frame:
# C  [ig75icd64.dll+0x89f10]
#
# Failed to write core dump. Minidumps are not enabled by default on client versions of Windows
#
# If you would like to submit a bug report, please visit:
#   http://bugreport.java.com/bugreport/crash.jsp
# The crash happened outside the Java Virtual Machine in native code.
# See problematic frame for where to report the bug.
#

---------------  T H R E A D  ---------------

Current thread (0x00000000174a6000):  JavaThread "AWT-EventQueue-0" [_thread_in_native, id=75320, stack(0x0000000017e10000,0x0000000017f10000)]

siginfo: ExceptionCode=0xc0000005, reading address 0x0000000000000000

Registers:
RAX=0x0000000000000000, RBX=0x0000000019500080, RCX=0x0000000000000000, RDX=0x0000000000000000
RSP=0x0000000017f0a990, RBP=0x0000000017f0aac0, RSI=0x000000001b048a78, RDI=0x000000001a9c7000
R8 =0x0000000000080000, R9 =0x0000000000001000, R10=0x0000000000000000, R11=0x0000000017f0b100
R12=0x0000000000080000, R13=0x0000000000080000, R14=0x000000001b048a50, R15=0x0000000000000010
RIP=0x0000000180089f10, EFLAGS=0x0000000000010206

Top of Stack: (sp=0x0000000017f0a990)
0x0000000017f0a990:   0000000000000000 0000000000000000
0x0000000017f0a9a0:   0000000000000000 0000000000000000
0x0000000017f0a9b0:   0000000019520108 0000000180172e2f
0x0000000017f0a9c0:   0000000019500080 000000001b048a78
0x0000000017f0a9d0:   0000000017f0aac0 00000001802c604c
0x0000000017f0a9e0:   0000000000000001 0000000000000000
0x0000000017f0a9f0:   0000000000000000 0000000000000000
0x0000000017f0aa00:   0000000100000001 0000000000000014
0x0000000017f0aa10:   0000000000000000 000000001b06f580
0x0000000017f0aa20:   0000000000000000 0000000019520108
0x0000000017f0aa30:   0000000018e90e74 0000000017f0b100
0x0000000017f0aa40:   0000000018e90e78 0000000180472a19
0x0000000017f0aa50:   0000000000000e74 00000000000000c0
0x0000000017f0aa60:   0000000000000000 000000001b03ebc0
0x0000000017f0aa70:   ffffffff00000000 0000000000000073
0x0000000017f0aa80:   000000001958ee78 0000000000000000 

Instructions: (pc=0x0000000180089f10)
0x0000000180089ef0:   c2 10 66 0f e7 47 f0 49 3b c2 72 e4 e9 ab 00 00
0x0000000180089f00:   00 4d 85 c9 74 6c 66 66 0f 1f 84 00 00 00 00 00
0x0000000180089f10:   66 0f 6f 3a 66 0f 6f 72 10 66 0f 6f 6a 20 41 ff
0x0000000180089f20:   c2 48 83 ef 80 41 8b c2 66 0f 6f 62 30 66 0f 6f 


Register to memory mapping:

RAX=0x0000000000000000 is an unknown value
RBX=0x0000000019500080 is an unknown value
RCX=0x0000000000000000 is an unknown value
RDX=0x0000000000000000 is an unknown value
RSP=0x0000000017f0a990 is pointing into the stack for thread: 0x00000000174a6000
RBP=0x0000000017f0aac0 is pointing into the stack for thread: 0x00000000174a6000
RSI=0x000000001b048a78 is an unknown value
RDI=0x000000001a9c7000 is an unknown value
R8 =0x0000000000080000 is an unknown value
R9 =0x0000000000001000 is an unknown value
R10=0x0000000000000000 is an unknown value
R11=0x0000000017f0b100 is pointing into the stack for thread: 0x00000000174a6000
R12=0x0000000000080000 is an unknown value
R13=0x0000000000080000 is an unknown value
R14=0x000000001b048a50 is an unknown value
R15=0x0000000000000010 is an unknown value


Stack: [0x0000000017e10000,0x0000000017f10000],  sp=0x0000000017f0a990,  free space=1002k
Native frames: (J=compiled Java code, j=interpreted, Vv=VM code, C=native code)
C  [ig75icd64.dll+0x89f10]
C  [ig75icd64.dll+0x172e2f]
C  [ig75icd64.dll+0x23ddc2]
C  [ig75icd64.dll+0x63c5a]
C  [ig75icd64.dll+0x273275]
C  [ig75icd64.dll+0x89145]
C  [ig75icd64.dll+0x162be9]
C  0x0000000001fe5e34

Java frames: (J=compiled Java code, j=interpreted, Vv=VM code)
j  jogamp.opengl.gl4.GL4bcImpl.dispatch_glDrawArrays1(IIIJ)V+0
j  jogamp.opengl.gl4.GL4bcImpl.glDrawArrays(III)V+45
j  jbinvis.visualisations.Trigraph.render(Lcom/jogamp/opengl/GL2;D)V+214
j  jbinvis.renderer.BinVisCanvas.display(Lcom/jogamp/opengl/GLAutoDrawable;)V+171
j  jogamp.opengl.GLDrawableHelper.displayImpl(Lcom/jogamp/opengl/GLAutoDrawable;)V+62
j  jogamp.opengl.GLDrawableHelper.display(Lcom/jogamp/opengl/GLAutoDrawable;)V+2
j  com.jogamp.opengl.awt.GLCanvas$11.run()V+118
j  jogamp.opengl.GLDrawableHelper.invokeGLImpl(Lcom/jogamp/opengl/GLDrawable;Lcom/jogamp/opengl/GLContext;Ljava/lang/Runnable;Ljava/lang/Runnable;)V+203
j  jogamp.opengl.GLDrawableHelper.invokeGL(Lcom/jogamp/opengl/GLDrawable;Lcom/jogamp/opengl/GLContext;Ljava/lang/Runnable;Ljava/lang/Runnable;)V+72
j  com.jogamp.opengl.awt.GLCanvas$12.run()V+104
j  java.awt.event.InvocationEvent.dispatch()V+11
j  java.awt.EventQueue.dispatchEventImpl(Ljava/awt/AWTEvent;Ljava/lang/Object;)V+21
j  java.awt.EventQueue.access$500(Ljava/awt/EventQueue;Ljava/awt/AWTEvent;Ljava/lang/Object;)V+3
j  java.awt.EventQueue$3.run()Ljava/lang/Void;+32
j  java.awt.EventQueue$3.run()Ljava/lang/Object;+1
v  ~StubRoutines::call_stub
J 1022  java.security.AccessController.doPrivileged(Ljava/security/PrivilegedAction;Ljava/security/AccessControlContext;)Ljava/lang/Object; (0 bytes) @ 0x0000000002346b26 [0x0000000002346ac0+0x66]
J 1035 C1 java.security.ProtectionDomain$JavaSecurityAccessImpl.doIntersectionPrivilege(Ljava/security/PrivilegedAction;Ljava/security/AccessControlContext;Ljava/security/AccessControlContext;)Ljava/lang/Object; (22 bytes) @ 0x000000000234b3ac [0x000000000234af40+0x46c]
j  java.awt.EventQueue.dispatchEvent(Ljava/awt/AWTEvent;)V+46
j  java.awt.EventDispatchThread.pumpOneEventForFilters(I)V+245
j  java.awt.EventDispatchThread.pumpEventsForFilter(ILjava/awt/Conditional;Ljava/awt/EventFilter;)V+35
j  java.awt.EventDispatchThread.pumpEventsForHierarchy(ILjava/awt/Conditional;Ljava/awt/Component;)V+11
j  java.awt.EventDispatchThread.pumpEvents(ILjava/awt/Conditional;)V+4
j  java.awt.EventDispatchThread.pumpEvents(Ljava/awt/Conditional;)V+3
j  java.awt.EventDispatchThread.run()V+9
v  ~StubRoutines::call_stub

---------------  P R O C E S S  ---------------

Java Threads: ( => current thread )
  0x0000000001ecd800 JavaThread "DestroyJavaVM" [_thread_blocked, id=73800, stack(0x0000000001d50000,0x0000000001e50000)]
  0x000000001756b000 JavaThread "main-FPSAWTAnimator#00-Timer0" [_thread_blocked, id=74908, stack(0x0000000019b00000,0x0000000019c00000)]
  0x0000000017584000 JavaThread "main-SharedResourceRunner" daemon [_thread_blocked, id=71136, stack(0x0000000018a20000,0x0000000018b20000)]
=>0x00000000174a6000 JavaThread "AWT-EventQueue-0" [_thread_in_native, id=75320, stack(0x0000000017e10000,0x0000000017f10000)]
  0x00000000163d5000 JavaThread "AWT-Windows" daemon [_thread_in_native, id=75752, stack(0x0000000016a10000,0x0000000016b10000)]
  0x00000000163d4800 JavaThread "AWT-Shutdown" [_thread_blocked, id=72444, stack(0x0000000016910000,0x0000000016a10000)]
  0x000000001638f000 JavaThread "Java2D Disposer" daemon [_thread_blocked, id=73776, stack(0x0000000016810000,0x0000000016910000)]
  0x00000000146a6000 JavaThread "Service Thread" daemon [_thread_blocked, id=75060, stack(0x00000000163e0000,0x00000000164e0000)]
  0x00000000146a0000 JavaThread "C1 CompilerThread2" daemon [_thread_blocked, id=75336, stack(0x0000000015ee0000,0x0000000015fe0000)]
  0x000000001469c800 JavaThread "C2 CompilerThread1" daemon [_thread_blocked, id=75188, stack(0x0000000015de0000,0x0000000015ee0000)]
  0x00000000146ab000 JavaThread "C2 CompilerThread0" daemon [_thread_blocked, id=75744, stack(0x0000000015ce0000,0x0000000015de0000)]
  0x00000000146a9800 JavaThread "Attach Listener" daemon [_thread_blocked, id=75592, stack(0x0000000015be0000,0x0000000015ce0000)]
  0x00000000146a8800 JavaThread "Signal Dispatcher" daemon [_thread_blocked, id=73516, stack(0x0000000015ae0000,0x0000000015be0000)]
  0x0000000001fc8000 JavaThread "Finalizer" daemon [_thread_blocked, id=75148, stack(0x0000000015900000,0x0000000015a00000)]
  0x0000000001fbf000 JavaThread "Reference Handler" daemon [_thread_blocked, id=72460, stack(0x0000000015800000,0x0000000015900000)]

Other Threads:
  0x0000000014667800 VMThread [stack: 0x0000000015700000,0x0000000015800000] [id=72708]
  0x0000000016024800 WatcherThread [stack: 0x00000000164e0000,0x00000000165e0000] [id=71300]

VM state:not at safepoint (normal execution)

VM Mutex/Monitor currently owned by a thread: None

Heap:
 PSYoungGen      total 38400K, used 32593K [0x00000000eab00000, 0x00000000ed580000, 0x0000000100000000)
  eden space 33280K, 82% used [0x00000000eab00000,0x00000000ec5d5838,0x00000000ecb80000)
  from space 5120K, 99% used [0x00000000ecb80000,0x00000000ed07eeb8,0x00000000ed080000)
  to   space 5120K, 0% used [0x00000000ed080000,0x00000000ed080000,0x00000000ed580000)
 ParOldGen       total 87552K, used 254K [0x00000000c0000000, 0x00000000c5580000, 0x00000000eab00000)
  object space 87552K, 0% used [0x00000000c0000000,0x00000000c003fa38,0x00000000c5580000)
 Metaspace       used 18852K, capacity 19054K, committed 19456K, reserved 1067008K
  class space    used 2162K, capacity 2219K, committed 2304K, reserved 1048576K

Card table byte_map: [0x0000000011390000,0x00000000115a0000] byte_map_base: 0x0000000010d90000

Marking Bits: (ParMarkBitMap*) 0x000000005fbaa5b0
 Begin Bits: [0x0000000011b00000, 0x0000000012b00000)
 End Bits:   [0x0000000012b00000, 0x0000000013b00000)

Polling page: 0x00000000003d0000

CodeCache: size=245760Kb used=3684Kb max_used=3684Kb free=242075Kb
 bounds [0x0000000001fd0000, 0x0000000002370000, 0x0000000010fd0000]
 total_blobs=1978 nmethods=1099 adapters=791
 compilation: enabled

Compilation events (10 events):
Event: 3.498 Thread 0x00000000146a0000 1092       3       java.awt.Component::getNormalShape (29 bytes)
Event: 3.499 Thread 0x00000000146a0000 nmethod 1092 0x00000000023692d0 code [0x00000000023694c0, 0x0000000002369f28]
Event: 3.499 Thread 0x00000000146a0000 1097       3       sun.java2d.pipe.Region::isInsideQuickCheck (57 bytes)
Event: 3.499 Thread 0x00000000146a0000 nmethod 1097 0x000000000236a350 code [0x000000000236a4c0, 0x000000000236a770]
Event: 3.499 Thread 0x00000000146a0000 1085       1       java.awt.Window::isShowing (5 bytes)
Event: 3.499 Thread 0x00000000146a0000 nmethod 1085 0x000000000236a810 code [0x000000000236a960, 0x000000000236aa70]
Event: 3.499 Thread 0x00000000146a0000 1098       1       javax.swing.AbstractButton::getModel (5 bytes)
Event: 3.499 Thread 0x00000000146a0000 nmethod 1098 0x000000000236aad0 code [0x000000000236ac20, 0x000000000236ad30]
Event: 3.508 Thread 0x00000000146a0000 1099       3       java.util.concurrent.locks.ReentrantLock$NonfairSync::tryAcquire (6 bytes)
Event: 3.509 Thread 0x00000000146a0000 nmethod 1099 0x000000000236ad90 code [0x000000000236af00, 0x000000000236b108]

GC Heap History (2 events):
Event: 1.328 GC heap before
{Heap before GC invocations=1 (full 0):
 PSYoungGen      total 38400K, used 33280K [0x00000000eab00000, 0x00000000ed580000, 0x0000000100000000)
  eden space 33280K, 100% used [0x00000000eab00000,0x00000000ecb80000,0x00000000ecb80000)
  from space 5120K, 0% used [0x00000000ed080000,0x00000000ed080000,0x00000000ed580000)
  to   space 5120K, 0% used [0x00000000ecb80000,0x00000000ecb80000,0x00000000ed080000)
 ParOldGen       total 87552K, used 0K [0x00000000c0000000, 0x00000000c5580000, 0x00000000eab00000)
  object space 87552K, 0% used [0x00000000c0000000,0x00000000c0000000,0x00000000c5580000)
 Metaspace       used 16061K, capacity 16234K, committed 16768K, reserved 1064960K
  class space    used 1738K, capacity 1799K, committed 1920K, reserved 1048576K
Event: 1.339 GC heap after
Heap after GC invocations=1 (full 0):
 PSYoungGen      total 38400K, used 5115K [0x00000000eab00000, 0x00000000ed580000, 0x0000000100000000)
  eden space 33280K, 0% used [0x00000000eab00000,0x00000000eab00000,0x00000000ecb80000)
  from space 5120K, 99% used [0x00000000ecb80000,0x00000000ed07eeb8,0x00000000ed080000)
  to   space 5120K, 0% used [0x00000000ed080000,0x00000000ed080000,0x00000000ed580000)
 ParOldGen       total 87552K, used 254K [0x00000000c0000000, 0x00000000c5580000, 0x00000000eab00000)
  object space 87552K, 0% used [0x00000000c0000000,0x00000000c003fa38,0x00000000c5580000)
 Metaspace       used 16061K, capacity 16234K, committed 16768K, reserved 1064960K
  class space    used 1738K, capacity 1799K, committed 1920K, reserved 1048576K
}

Deoptimization events (8 events):
Event: 0.111 Thread 0x0000000001ecd800 Uncommon trap: reason=unstable_if action=reinterpret pc=0x00000000020e5b00 method=jbinvis.math.Hilbert.<init>()V @ 23
Event: 0.251 Thread 0x0000000001ecd800 Uncommon trap: reason=null_check action=make_not_entrant pc=0x000000000214ab38 method=java.lang.String.equals(Ljava/lang/Object;)Z @ 8
Event: 0.371 Thread 0x0000000001ecd800 Uncommon trap: reason=class_check action=maybe_recompile pc=0x0000000002163028 method=java.lang.String.equals(Ljava/lang/Object;)Z @ 8
Event: 0.371 Thread 0x0000000001ecd800 Uncommon trap: reason=class_check action=maybe_recompile pc=0x0000000002163028 method=java.lang.String.equals(Ljava/lang/Object;)Z @ 8
Event: 0.371 Thread 0x0000000001ecd800 Uncommon trap: reason=class_check action=maybe_recompile pc=0x0000000002163028 method=java.lang.String.equals(Ljava/lang/Object;)Z @ 8
Event: 0.372 Thread 0x0000000001ecd800 Uncommon trap: reason=class_check action=maybe_recompile pc=0x0000000002163028 method=java.lang.String.equals(Ljava/lang/Object;)Z @ 8
Event: 0.626 Thread 0x0000000001ecd800 Uncommon trap: reason=unstable_if action=reinterpret pc=0x00000000021dbde8 method=java.lang.String.<init>([CII)V @ 18
Event: 1.566 Thread 0x0000000001ecd800 Uncommon trap: reason=unstable_if action=reinterpret pc=0x0000000002298370 method=java.lang.reflect.AccessibleObject.setAccessible0(Ljava/lang/reflect/AccessibleObject;Z)V @ 4

Internal exceptions (10 events):
Event: 0.127 Thread 0x0000000001ecd800 Exception <a 'java/security/PrivilegedActionException'> (0x00000000eadf7a98) thrown at [C:\re\workspace\8-2-build-windows-amd64-cygwin\jdk8u60\4407\hotspot\src\share\vm\prims\jvm.cpp, line 1386]
Event: 0.127 Thread 0x0000000001ecd800 Exception <a 'java/security/PrivilegedActionException'> (0x00000000eadf7ca8) thrown at [C:\re\workspace\8-2-build-windows-amd64-cygwin\jdk8u60\4407\hotspot\src\share\vm\prims\jvm.cpp, line 1386]
Event: 0.127 Thread 0x0000000001ecd800 Exception <a 'java/security/PrivilegedActionException'> (0x00000000eadfbaf0) thrown at [C:\re\workspace\8-2-build-windows-amd64-cygwin\jdk8u60\4407\hotspot\src\share\vm\prims\jvm.cpp, line 1386]
Event: 0.127 Thread 0x0000000001ecd800 Exception <a 'java/security/PrivilegedActionException'> (0x00000000eadfbd00) thrown at [C:\re\workspace\8-2-build-windows-amd64-cygwin\jdk8u60\4407\hotspot\src\share\vm\prims\jvm.cpp, line 1386]
Event: 0.131 Thread 0x0000000001ecd800 Exception <a 'java/io/FileNotFoundException'> (0x00000000eae01010) thrown at [C:\re\workspace\8-2-build-windows-amd64-cygwin\jdk8u60\4407\hotspot\src\share\vm\prims\jni.cpp, line 709]
Event: 0.173 Thread 0x0000000001ecd800 Exception <a 'java/lang/NoSuchFieldError': method resolution failed> (0x00000000eaece678) thrown at [C:\re\workspace\8-2-build-windows-amd64-cygwin\jdk8u60\4407\hotspot\src\share\vm\prims\methodHandles.cpp, line 1146]
Event: 0.182 Thread 0x0000000001ecd800 Exception <a 'java/lang/NoSuchFieldError': method resolution failed> (0x00000000eaedb9c8) thrown at [C:\re\workspace\8-2-build-windows-amd64-cygwin\jdk8u60\4407\hotspot\src\share\vm\prims\methodHandles.cpp, line 1146]
Event: 0.226 Thread 0x0000000001ecd800 Exception <a 'java/io/FileNotFoundException'> (0x00000000eaf72ef8) thrown at [C:\re\workspace\8-2-build-windows-amd64-cygwin\jdk8u60\4407\hotspot\src\share\vm\prims\jni.cpp, line 709]
Event: 0.251 Thread 0x0000000001ecd800 Implicit null exception at 0x000000000214a962 to 0x000000000214ab29
Event: 1.543 Thread 0x0000000001ecd800 Exception <a 'java/lang/reflect/InvocationTargetException'> (0x00000000ec056530) thrown at [C:\re\workspace\8-2-build-windows-amd64-cygwin\jdk8u60\4407\hotspot\src\share\vm\runtime\reflection.cpp, line 1092]

Events (10 events):
Event: 3.493 loading class javax/swing/plaf/basic/BasicMenuItemUI$Actions
Event: 3.494 loading class javax/swing/plaf/basic/BasicMenuItemUI$Actions done
Event: 3.494 loading class javax/swing/plaf/basic/BasicPopupMenuUI$MouseGrabber$2
Event: 3.495 loading class javax/swing/plaf/basic/BasicPopupMenuUI$MouseGrabber$2 done
Event: 3.495 loading class javax/swing/Autoscroller
Event: 3.495 loading class javax/swing/Autoscroller done
Event: 3.498 loading class javax/swing/RepaintManager$3
Event: 3.498 loading class javax/swing/RepaintManager$3 done
Event: 3.511 loading class jbinvis/renderer/camera/PerspectiveCamera
Event: 3.511 loading class jbinvis/renderer/camera/PerspectiveCamera done


Dynamic libraries:
0x00007ff679c40000 - 0x00007ff679c77000 	C:\Program Files\Java\jdk1.8.0_60\bin\java.exe
0x00007fffb10f0000 - 0x00007fffb129d000 	C:\Windows\SYSTEM32\ntdll.dll
0x00007fffb0740000 - 0x00007fffb087e000 	C:\Windows\system32\KERNEL32.DLL
0x00007fffae4f0000 - 0x00007fffae605000 	C:\Windows\system32\KERNELBASE.dll
0x00007fffac990000 - 0x00007fffaca1e000 	C:\Windows\system32\apphelp.dll
0x00007fff97a00000 - 0x00007fff97a53000 	C:\Windows\AppPatch\AppPatch64\AcGenral.DLL
0x00007fffb0690000 - 0x00007fffb073a000 	C:\Windows\system32\msvcrt.dll
0x00007fffae4c0000 - 0x00007fffae4ee000 	C:\Windows\system32\SspiCli.dll
0x00007fffb02e0000 - 0x00007fffb0334000 	C:\Windows\system32\SHLWAPI.dll
0x00007fffb0d80000 - 0x00007fffb0ef7000 	C:\Windows\system32\USER32.dll
0x00007fffae990000 - 0x00007fffaeb24000 	C:\Windows\system32\ole32.dll
0x00007fffaed50000 - 0x00007fffb0278000 	C:\Windows\system32\SHELL32.dll
0x00007fffad7d0000 - 0x00007fffad7f1000 	C:\Windows\SYSTEM32\USERENV.dll
0x00007fffb0bf0000 - 0x00007fffb0c9a000 	C:\Windows\system32\ADVAPI32.dll
0x00007fffa5000000 - 0x00007fffa501e000 	C:\Windows\SYSTEM32\MPR.dll
0x00007fffaeba0000 - 0x00007fffaece0000 	C:\Windows\system32\RPCRT4.dll
0x00007fffaeb40000 - 0x00007fffaeb99000 	C:\Windows\SYSTEM32\sechost.dll
0x00007fffb09d0000 - 0x00007fffb0be1000 	C:\Windows\SYSTEM32\combase.dll
0x00007fffb0880000 - 0x00007fffb09cf000 	C:\Windows\system32\GDI32.dll
0x00007fffae210000 - 0x00007fffae225000 	C:\Windows\SYSTEM32\profapi.dll
0x00007fffacd80000 - 0x00007ffface32000 	C:\Windows\SYSTEM32\SHCORE.dll
0x00007fffb0640000 - 0x00007fffb0676000 	C:\Windows\system32\IMM32.DLL
0x00007fffae770000 - 0x00007fffae8c2000 	C:\Windows\system32\MSCTF.dll
0x00007fffaad60000 - 0x00007fffaafdb000 	C:\Windows\WinSxS\amd64_microsoft.windows.common-controls_6595b64144ccf1df_6.0.9600.18006_none_623f33d3ecbe86e8\COMCTL32.dll
0x0000000060640000 - 0x0000000060712000 	C:\Program Files\Java\jdk1.8.0_60\jre\bin\msvcr100.dll
0x000000005f3a0000 - 0x000000005fc29000 	C:\Program Files\Java\jdk1.8.0_60\jre\bin\server\jvm.dll
0x00007fffa4650000 - 0x00007fffa4659000 	C:\Windows\SYSTEM32\WSOCK32.dll
0x00007fffab090000 - 0x00007fffab0b2000 	C:\Windows\SYSTEM32\WINMM.dll
0x00007fffac190000 - 0x00007fffac19a000 	C:\Windows\SYSTEM32\VERSION.dll
0x00007fffb0680000 - 0x00007fffb0687000 	C:\Windows\system32\PSAPI.DLL
0x00007fffb0280000 - 0x00007fffb02da000 	C:\Windows\system32\WS2_32.dll
0x00007fffaad00000 - 0x00007fffaad2a000 	C:\Windows\SYSTEM32\WINMMBASE.dll
0x00007fffb0f00000 - 0x00007fffb0f09000 	C:\Windows\system32\NSI.dll
0x00007fffae610000 - 0x00007fffae65f000 	C:\Windows\SYSTEM32\cfgmgr32.dll
0x00007fffad030000 - 0x00007fffad058000 	C:\Windows\SYSTEM32\DEVOBJ.dll
0x00000000605f0000 - 0x00000000605ff000 	C:\Program Files\Java\jdk1.8.0_60\jre\bin\verify.dll
0x00000000605c0000 - 0x00000000605e9000 	C:\Program Files\Java\jdk1.8.0_60\jre\bin\java.dll
0x00000000605a0000 - 0x00000000605b6000 	C:\Program Files\Java\jdk1.8.0_60\jre\bin\zip.dll
0x000000005f1c0000 - 0x000000005f358000 	C:\Program Files\Java\jdk1.8.0_60\jre\bin\awt.dll
0x00007fffb0ca0000 - 0x00007fffb0d66000 	C:\Windows\system32\OLEAUT32.dll
0x00007fffac7b0000 - 0x00007fffac7d1000 	C:\Windows\system32\DWMAPI.DLL
0x00007ffface70000 - 0x00007fffacf99000 	C:\Windows\system32\uxtheme.dll
0x00007fffacfa0000 - 0x00007fffacfab000 	C:\Windows\SYSTEM32\kernel.appcore.dll
0x00007fffae0e0000 - 0x00007fffae0eb000 	C:\Windows\SYSTEM32\CRYPTBASE.dll
0x00007fffae070000 - 0x00007fffae0d3000 	C:\Windows\SYSTEM32\bcryptPrimitives.dll
0x00007fff8c6e0000 - 0x00007fff8c90d000 	C:\Program Files\Acer\Acer Power Management\SysHook.dll
0x00007fffaad30000 - 0x00007fffaad37000 	C:\Windows\SYSTEM32\MSIMG32.dll
0x00007fffae8d0000 - 0x00007fffae986000 	C:\Windows\system32\COMDLG32.dll
0x00007fffaac20000 - 0x00007fffaaca2000 	C:\Windows\SYSTEM32\WINSPOOL.DRV
0x00007fffab950000 - 0x00007fffabb01000 	C:\Windows\WinSxS\amd64_microsoft.windows.gdiplus_6595b64144ccf1df_1.1.9600.18592_none_933383bf47487fd6\gdiplus.dll
0x00007fffaabb0000 - 0x00007fffaac1a000 	C:\Windows\SYSTEM32\OLEACC.dll
0x000000005f170000 - 0x000000005f1b7000 	C:\Program Files\Java\jdk1.8.0_60\jre\bin\fontmanager.dll
0x000000005f380000 - 0x000000005f39a000 	C:\Program Files\Java\jdk1.8.0_60\jre\bin\net.dll
0x00007fffada40000 - 0x00007fffada99000 	C:\Windows\system32\mswsock.dll
0x000000005f360000 - 0x000000005f371000 	C:\Program Files\Java\jdk1.8.0_60\jre\bin\nio.dll
0x000000005f120000 - 0x000000005f162000 	C:\Program Files\Java\jdk1.8.0_60\jre\bin\t2k.dll
0x00007fffb0500000 - 0x00007fffb05b6000 	C:\Windows\SYSTEM32\clbcatq.dll
0x00007fffa7a50000 - 0x00007fffa7bfe000 	C:\Windows\SYSTEM32\WindowsCodecs.dll
0x00007fffadaa0000 - 0x00007fffadac0000 	C:\Windows\SYSTEM32\CRYPTSP.dll
0x00007fffad6c0000 - 0x00007fffad6f6000 	C:\Windows\system32\rsaenh.dll
0x00007fffadcf0000 - 0x00007fffadd16000 	C:\Windows\SYSTEM32\bcrypt.dll
0x00007fffa6c70000 - 0x00007fffa6c9a000 	C:\Windows\SYSTEM32\IPHLPAPI.DLL
0x00007fffa6c60000 - 0x00007fffa6c6a000 	C:\Windows\SYSTEM32\WINNSI.DLL
0x00007fffa6790000 - 0x00007fffa67a6000 	C:\Windows\SYSTEM32\dhcpcsvc6.DLL
0x00007fffa6880000 - 0x00007fffa689a000 	C:\Windows\SYSTEM32\dhcpcsvc.DLL
0x00000000637c0000 - 0x00000000637cd000 	C:\Users\user\AppData\Local\Temp\jogamp_0000\file_cache\jln9219467791402119935\jln3234709583931845504\natives\windows-amd64\gluegen-rt.dll
0x000000005f110000 - 0x000000005f117000 	C:\Program Files\Java\jdk1.8.0_60\jre\bin\jawt.dll
0x000000006a440000 - 0x000000006a44d000 	C:\Users\user\AppData\Local\Temp\jogamp_0000\file_cache\jln9219467791402119935\jln3234709583931845504\natives\windows-amd64\nativewindow_awt.dll
0x000000006c100000 - 0x000000006c10f000 	C:\Users\user\AppData\Local\Temp\jogamp_0000\file_cache\jln9219467791402119935\jln3234709583931845504\natives\windows-amd64\nativewindow_win32.dll
0x00007fff9a3a0000 - 0x00007fff9a4cb000 	C:\Windows\SYSTEM32\OpenGL32.dll
0x00007fffab5c0000 - 0x00007fffab5ee000 	C:\Windows\SYSTEM32\GLU32.dll
0x00007fff9cf60000 - 0x00007fff9d058000 	C:\Windows\SYSTEM32\DDRAW.dll
0x00007fffaca20000 - 0x00007fffaca29000 	C:\Windows\SYSTEM32\DCIMAN32.dll
0x0000000064500000 - 0x00000000645b1000 	C:\Users\user\AppData\Local\Temp\jogamp_0000\file_cache\jln9219467791402119935\jln3234709583931845504\natives\windows-amd64\jogl_desktop.dll
0x0000000064340000 - 0x00000000643a2000 	C:\Users\user\AppData\Local\Temp\jogamp_0000\file_cache\jln9219467791402119935\jln3234709583931845504\natives\windows-amd64\jogl_mobile.dll
0x0000000180000000 - 0x00000001807da000 	C:\Windows\SYSTEM32\ig75icd64.dll
0x00007fffa8660000 - 0x00007fffa8ab2000 	C:\Windows\SYSTEM32\igdusc64.dll
0x00007fffae1b0000 - 0x00007fffae1f6000 	C:\Windows\SYSTEM32\powrprof.dll
0x00007fffabcc0000 - 0x00007fffabe49000 	C:\Windows\SYSTEM32\dbghelp.dll

VM Arguments:
jvm_args: -Dfile.encoding=UTF-8 -Xmx1024M 
java_command: jbinvis.main.JBinVis
java_class_path (initial): C:\Users\user\Desktop\URECA\src\JBinVis\lib\gluegen-rt.jar;C:\Users\user\Desktop\URECA\src\JBinVis\lib\jogl-all.jar;C:\Users\user\Desktop\URECA\src\JBinVis\lib\opencv-320.jar;C:\Users\user\Desktop\URECA\src\JBinVis\build\classes
Launcher Type: SUN_STANDARD

Environment Variables:
PATH=C:\Program Files\Java\jdk1.8.0_60\bin;C:\Program Files\NVIDIA GPU Computing Toolkit\CUDA\v6.0\bin;C:\Program Files\NVIDIA GPU Computing Toolkit\CUDA\v6.0\libnvvp;C:\ProgramData\Oracle\Java\javapath;C:\Program Files (x86)\Intel\iCLS Client\;C:\Program Files\Intel\iCLS Client\;C:\Windows\system32;C:\Windows;C:\Windows\System32\Wbem;C:\Windows\System32\WindowsPowerShell\v1.0\;C:\Program Files\Intel\Intel(R) Management Engine Components\DAL;C:\Program Files\Intel\Intel(R) Management Engine Components\IPT;C:\Program Files (x86)\Intel\Intel(R) Management Engine Components\DAL;C:\Program Files (x86)\Intel\Intel(R) Management Engine Components\IPT;C:\Program Files (x86)\Acer\abFiles\;C:\Program Files\Microsoft SQL Server\110\Tools\Binn\;C:\Program Files (x86)\Windows Live\Shared;C:\Python34;C:\Program Files\Microsoft MPI\Bin;C:\Program Files (x86)\QuickTime\QTSystem\;C:\Program Files (x86)\NVIDIA Corporation\PhysX\Common;C:\Program Files\Microsoft\Web Platform Installer\;C:\Program Files\Microsoft SQL Server\120\Tools\Binn\;C:\Program Files\TortoiseSVN\bin;C:\Program Files (x86)\Windows Kits\8.1\Windows Performance Toolkit\;C:\Program Files\MySQL\MySQL Utilities 1.6\;C:\Program Files (x86)\Skype\Phone\;C:\Users\user\AppData\Local\Google\Cloud SDK\google-cloud-sdk\bin;C:\Users\user\AppData\Local\Android\sdk;C:\Program Files\Java\jdk1.8.0_60\bin
USERNAME=Billy
OS=Windows_NT
PROCESSOR_IDENTIFIER=Intel64 Family 6 Model 69 Stepping 1, GenuineIntel



---------------  S Y S T E M  ---------------

OS: Windows 8.1 , 64 bit Build 9600 (6.3.9600.17415)

CPU:total 4 (2 cores per cpu, 2 threads per core) family 6 model 69 stepping 1, cmov, cx8, fxsr, mmx, sse, sse2, sse3, ssse3, sse4.1, sse4.2, popcnt, avx, avx2, aes, clmul, erms, lzcnt, ht, tsc, tscinvbit, bmi1, bmi2

Memory: 4k page, physical 8310040k(4115368k free), swap 17222936k(11962296k free)

vm_info: Java HotSpot(TM) 64-Bit Server VM (25.60-b23) for windows-amd64 JRE (1.8.0_60-b27), built on Aug  4 2015 11:06:27 by "java_re" with MS VC++ 10.0 (VS2010)

time: Sat Apr 22 18:50:44 2017
elapsed time: 3 seconds (0d 0h 0m 3s)

